2019-05-01 18:30:12: Turning Off Copy/Compare Extended Attributes, as one of file systems does not support it
2019-05-01 18:30:12: Turning Off Copy Original Filesystem Names option, as one of file systems does not support it
2019-05-01 18:30:12: -- Analysis Started by User Command
2019-05-01 18:30:12: L: State file does not exist: /Users/markloessi/Machine_Learning/_gsdata_/_file_state_v4._gs
2019-05-01 18:30:12: R: State file does not exist: /Volumes/128 GB SD/StudyStorage-SD/Machine_Learning/_gsdata_/_file_state_v4._gs
2019-05-01 18:30:12: Changes: 231, Conflicts: 0, CopyTime: 0, FixState: 0, Errors: 0, All: 276
2019-05-01 18:30:12: Left to Right: Copy File: 231 
2019-05-01 18:30:12: -- Analysis Complete. Time 00:00:00, Speed: Many files/s
2019-05-01 18:30:12: 
2019-05-01 18:30:15: == Sync Started by User Command
2019-05-01 18:30:15: Create Folder '/Volumes/128 GB SD/StudyStorage-SD/Machine_Learning/Machine Learning A-Z New'
2019-05-01 18:30:15: Create Folder '/Volumes/128 GB SD/StudyStorage-SD/Machine_Learning/Machine Learning A-Z New/Part 0 - Welcome to Machine Learning A-Z'
2019-05-01 18:30:15: Create Folder '/Volumes/128 GB SD/StudyStorage-SD/Machine_Learning/Machine Learning A-Z New/Part 0 - Welcome to Machine Learning A-Z/Section 1 - Welcome to Machine Learning A-Z !'
2019-05-01 18:30:15: Create Folder '/Volumes/128 GB SD/StudyStorage-SD/Machine_Learning/Machine Learning A-Z New/Part 1 - Data Preprocessing'
2019-05-01 18:30:15: Create Folder '/Volumes/128 GB SD/StudyStorage-SD/Machine_Learning/Machine Learning A-Z New/Part 1 - Data Preprocessing/Data_Preprocessing_DOWNLOADS'
2019-05-01 18:30:15: Create Folder '/Volumes/128 GB SD/StudyStorage-SD/Machine_Learning/Machine Learning A-Z New/Part 1 - Data Preprocessing/Section 2 -------------------- Part 1 - Data Preprocessing --------------------'
2019-05-01 18:30:15: Create Folder '/Volumes/128 GB SD/StudyStorage-SD/Machine_Learning/Machine Learning A-Z New/Part 10 - Model Selection & Boosting'
2019-05-01 18:30:15: Create Folder '/Volumes/128 GB SD/StudyStorage-SD/Machine_Learning/Machine Learning A-Z New/Part 10 - Model Selection & Boosting/Section 47 -------------------- Part 10 - Model Selection --------------------'
2019-05-01 18:30:15: Create Folder '/Volumes/128 GB SD/StudyStorage-SD/Machine_Learning/Machine Learning A-Z New/Part 10 - Model Selection & Boosting/Section 48 - Model Selection'
2019-05-01 18:30:15: Create Folder '/Volumes/128 GB SD/StudyStorage-SD/Machine_Learning/Machine Learning A-Z New/Part 10 - Model Selection & Boosting/Section 49 - XGBoost'
2019-05-01 18:30:15: Create Folder '/Volumes/128 GB SD/StudyStorage-SD/Machine_Learning/Machine Learning A-Z New/Part 10 - Model Selection & Boosting/Section 50 - Part Recap'
2019-05-01 18:30:15: Create Folder '/Volumes/128 GB SD/StudyStorage-SD/Machine_Learning/Machine Learning A-Z New/Part 2 - Regression'
2019-05-01 18:30:15: Create Folder '/Volumes/128 GB SD/StudyStorage-SD/Machine_Learning/Machine Learning A-Z New/Part 2 - Regression/Section 10 - Evaluating Regression Models Performance'
2019-05-01 18:30:15: Create Folder '/Volumes/128 GB SD/StudyStorage-SD/Machine_Learning/Machine Learning A-Z New/Part 2 - Regression/Section 11 - Regularization Methods'
2019-05-01 18:30:15: Create Folder '/Volumes/128 GB SD/StudyStorage-SD/Machine_Learning/Machine Learning A-Z New/Part 2 - Regression/Section 12 - Part Recap'
2019-05-01 18:30:15: Create Folder '/Volumes/128 GB SD/StudyStorage-SD/Machine_Learning/Machine Learning A-Z New/Part 2 - Regression/Section 3 -------------------- Part 2 - Regression --------------------'
2019-05-01 18:30:15: Create Folder '/Volumes/128 GB SD/StudyStorage-SD/Machine_Learning/Machine Learning A-Z New/Part 2 - Regression/Section 4 - Simple Linear Regression'
2019-05-01 18:30:15: Create Folder '/Volumes/128 GB SD/StudyStorage-SD/Machine_Learning/Machine Learning A-Z New/Part 2 - Regression/Section 5 - Multiple Linear Regression'
2019-05-01 18:30:15: Create Folder '/Volumes/128 GB SD/StudyStorage-SD/Machine_Learning/Machine Learning A-Z New/Part 2 - Regression/Section 6 - Polynomial Regression'
2019-05-01 18:30:16: Create Folder '/Volumes/128 GB SD/StudyStorage-SD/Machine_Learning/Machine Learning A-Z New/Part 2 - Regression/Section 7 - Support Vector Regression (SVR)'
2019-05-01 18:30:16: Create Folder '/Volumes/128 GB SD/StudyStorage-SD/Machine_Learning/Machine Learning A-Z New/Part 2 - Regression/Section 8 - Decision Tree Regression'
2019-05-01 18:30:16: Create Folder '/Volumes/128 GB SD/StudyStorage-SD/Machine_Learning/Machine Learning A-Z New/Part 2 - Regression/Section 9 - Random Forest Regression'
2019-05-01 18:30:16: Create Folder '/Volumes/128 GB SD/StudyStorage-SD/Machine_Learning/Machine Learning A-Z New/Part 3 - Classification'
2019-05-01 18:30:16: Create Folder '/Volumes/128 GB SD/StudyStorage-SD/Machine_Learning/Machine Learning A-Z New/Part 3 - Classification/Section 13 -------------------- Part 3 - Classification --------------------'
2019-05-01 18:30:16: Create Folder '/Volumes/128 GB SD/StudyStorage-SD/Machine_Learning/Machine Learning A-Z New/Part 3 - Classification/Section 14 - Logistic Regression'
2019-05-01 18:30:16: Create Folder '/Volumes/128 GB SD/StudyStorage-SD/Machine_Learning/Machine Learning A-Z New/Part 3 - Classification/Section 15 - K-Nearest Neighbors (K-NN)'
2019-05-01 18:30:16: Create Folder '/Volumes/128 GB SD/StudyStorage-SD/Machine_Learning/Machine Learning A-Z New/Part 3 - Classification/Section 16 - Support Vector Machine (SVM)'
2019-05-01 18:30:16: Create Folder '/Volumes/128 GB SD/StudyStorage-SD/Machine_Learning/Machine Learning A-Z New/Part 3 - Classification/Section 17 - Kernel SVM'
2019-05-01 18:30:16: Create Folder '/Volumes/128 GB SD/StudyStorage-SD/Machine_Learning/Machine Learning A-Z New/Part 3 - Classification/Section 18 - Naive Bayes'
2019-05-01 18:30:16: Create Folder '/Volumes/128 GB SD/StudyStorage-SD/Machine_Learning/Machine Learning A-Z New/Part 3 - Classification/Section 19 - Decision Tree Classification'
2019-05-01 18:30:16: Create Folder '/Volumes/128 GB SD/StudyStorage-SD/Machine_Learning/Machine Learning A-Z New/Part 3 - Classification/Section 20 - Random Forest Classification'
2019-05-01 18:30:16: Create Folder '/Volumes/128 GB SD/StudyStorage-SD/Machine_Learning/Machine Learning A-Z New/Part 3 - Classification/Section 21 - Evaluating Classification Models Performance'
2019-05-01 18:30:16: Create Folder '/Volumes/128 GB SD/StudyStorage-SD/Machine_Learning/Machine Learning A-Z New/Part 3 - Classification/Section 22 - Part Recap'
2019-05-01 18:30:16: Create Folder '/Volumes/128 GB SD/StudyStorage-SD/Machine_Learning/Machine Learning A-Z New/Part 4 - Clustering'
2019-05-01 18:30:16: Create Folder '/Volumes/128 GB SD/StudyStorage-SD/Machine_Learning/Machine Learning A-Z New/Part 4 - Clustering/Section 23 -------------------- Part 4 - Clustering --------------------'
2019-05-01 18:30:16: Create Folder '/Volumes/128 GB SD/StudyStorage-SD/Machine_Learning/Machine Learning A-Z New/Part 4 - Clustering/Section 24 - K-Means Clustering'
2019-05-01 18:30:16: Create Folder '/Volumes/128 GB SD/StudyStorage-SD/Machine_Learning/Machine Learning A-Z New/Part 4 - Clustering/Section 25 - Hierarchical Clustering'
2019-05-01 18:30:16: Create Folder '/Volumes/128 GB SD/StudyStorage-SD/Machine_Learning/Machine Learning A-Z New/Part 4 - Clustering/Section 26 - Part Recap'
2019-05-01 18:30:16: Create Folder '/Volumes/128 GB SD/StudyStorage-SD/Machine_Learning/Machine Learning A-Z New/Part 5 - Association Rule Learning'
2019-05-01 18:30:16: Create Folder '/Volumes/128 GB SD/StudyStorage-SD/Machine_Learning/Machine Learning A-Z New/Part 5 - Association Rule Learning/Section 27 -------------------- Part 5 - Association Rule Learning --------------------'
2019-05-01 18:30:16: Create Folder '/Volumes/128 GB SD/StudyStorage-SD/Machine_Learning/Machine Learning A-Z New/Part 5 - Association Rule Learning/Section 28 - Apriori'
2019-05-01 18:30:17: Create Folder '/Volumes/128 GB SD/StudyStorage-SD/Machine_Learning/Machine Learning A-Z New/Part 5 - Association Rule Learning/Section 28 - Apriori/Apriori_Python'
2019-05-01 18:30:17: Create Folder '/Volumes/128 GB SD/StudyStorage-SD/Machine_Learning/Machine Learning A-Z New/Part 5 - Association Rule Learning/Section 28 - Apriori/Apriori_R'
2019-05-01 18:30:17: Create Folder '/Volumes/128 GB SD/StudyStorage-SD/Machine_Learning/Machine Learning A-Z New/Part 5 - Association Rule Learning/Section 29 - Eclat'
2019-05-01 18:30:17: Create Folder '/Volumes/128 GB SD/StudyStorage-SD/Machine_Learning/Machine Learning A-Z New/Part 5 - Association Rule Learning/Section 30 - Part Recap'
2019-05-01 18:30:17: Create Folder '/Volumes/128 GB SD/StudyStorage-SD/Machine_Learning/Machine Learning A-Z New/Part 6 - Reinforcement Learning'
2019-05-01 18:30:17: Create Folder '/Volumes/128 GB SD/StudyStorage-SD/Machine_Learning/Machine Learning A-Z New/Part 6 - Reinforcement Learning/Section 31 -------------------- Part 6 - Reinforcement Learning --------------------'
2019-05-01 18:30:17: Create Folder '/Volumes/128 GB SD/StudyStorage-SD/Machine_Learning/Machine Learning A-Z New/Part 6 - Reinforcement Learning/Section 32 - Upper Confidence Bound (UCB)'
2019-05-01 18:30:17: Create Folder '/Volumes/128 GB SD/StudyStorage-SD/Machine_Learning/Machine Learning A-Z New/Part 6 - Reinforcement Learning/Section 33 - Thompson Sampling'
2019-05-01 18:30:17: Create Folder '/Volumes/128 GB SD/StudyStorage-SD/Machine_Learning/Machine Learning A-Z New/Part 6 - Reinforcement Learning/Section 34 - Part Recap'
2019-05-01 18:30:17: Create Folder '/Volumes/128 GB SD/StudyStorage-SD/Machine_Learning/Machine Learning A-Z New/Part 7 - Natural Language Processing'
2019-05-01 18:30:17: Create Folder '/Volumes/128 GB SD/StudyStorage-SD/Machine_Learning/Machine Learning A-Z New/Part 7 - Natural Language Processing/Section 35 -------------------- Part 7 - Natural Language Processing --------------------'
2019-05-01 18:30:17: Create Folder '/Volumes/128 GB SD/StudyStorage-SD/Machine_Learning/Machine Learning A-Z New/Part 7 - Natural Language Processing/Section 36 - Natural Language Processing'
2019-05-01 18:30:17: Create Folder '/Volumes/128 GB SD/StudyStorage-SD/Machine_Learning/Machine Learning A-Z New/Part 7 - Natural Language Processing/Section 37 - Part Recap'
2019-05-01 18:30:17: Create Folder '/Volumes/128 GB SD/StudyStorage-SD/Machine_Learning/Machine Learning A-Z New/Part 8 - Deep Learning'
2019-05-01 18:30:17: Create Folder '/Volumes/128 GB SD/StudyStorage-SD/Machine_Learning/Machine Learning A-Z New/Part 8 - Deep Learning/Section 38 -------------------- Part 8 - Deep Learning --------------------'
2019-05-01 18:30:17: Create Folder '/Volumes/128 GB SD/StudyStorage-SD/Machine_Learning/Machine Learning A-Z New/Part 8 - Deep Learning/Section 39 - Artificial Neural Networks (ANN)'
2019-05-01 18:30:17: Create Folder '/Volumes/128 GB SD/StudyStorage-SD/Machine_Learning/Machine Learning A-Z New/Part 8 - Deep Learning/Section 40 - Convolutional Neural Networks (CNN)'
2019-05-01 18:30:17: Create Folder '/Volumes/128 GB SD/StudyStorage-SD/Machine_Learning/Machine Learning A-Z New/Part 8 - Deep Learning/Section 41 - Part Recap'
2019-05-01 18:30:17: Create Folder '/Volumes/128 GB SD/StudyStorage-SD/Machine_Learning/Machine Learning A-Z New/Part 9 - Dimensionality Reduction'
2019-05-01 18:30:17: Create Folder '/Volumes/128 GB SD/StudyStorage-SD/Machine_Learning/Machine Learning A-Z New/Part 9 - Dimensionality Reduction/Section 42 -------------------- Part 9 - Dimensionality Reduction --------------------'
2019-05-01 18:30:17: Create Folder '/Volumes/128 GB SD/StudyStorage-SD/Machine_Learning/Machine Learning A-Z New/Part 9 - Dimensionality Reduction/Section 43 - Principal Component Analysis (PCA)'
2019-05-01 18:30:17: Create Folder '/Volumes/128 GB SD/StudyStorage-SD/Machine_Learning/Machine Learning A-Z New/Part 9 - Dimensionality Reduction/Section 44 - Linear Discriminant Analysis (LDA)'
2019-05-01 18:30:17: Create Folder '/Volumes/128 GB SD/StudyStorage-SD/Machine_Learning/Machine Learning A-Z New/Part 9 - Dimensionality Reduction/Section 45 - Kernel PCA'
2019-05-01 18:30:17: Create Folder '/Volumes/128 GB SD/StudyStorage-SD/Machine_Learning/Machine Learning A-Z New/Part 9 - Dimensionality Reduction/Section 46 - Part Recap'
2019-05-01 18:30:17: Copy New '/Users/markloessi/Machine_Learning/Download Practice Datasets.webloc' -> '/Volumes/128 GB SD/StudyStorage-SD/Machine_Learning/Download Practice Datasets.webloc' (278)
2019-05-01 18:30:17: Copy New '/Users/markloessi/Machine_Learning/Machine Learning A-Z New/data_preprocessing_template_NOTES_orig.py' -> '/Volumes/128 GB SD/StudyStorage-SD/Machine_Learning/Machine Learning A-Z New/data_preprocessing_template_NOTES_orig.py' (5713)
2019-05-01 18:30:17: Copy New '/Users/markloessi/Machine_Learning/Machine Learning A-Z New/data_preprocessing_template_NOTES_orig.R' -> '/Volumes/128 GB SD/StudyStorage-SD/Machine_Learning/Machine Learning A-Z New/data_preprocessing_template_NOTES_orig.R' (3410)
2019-05-01 18:30:17: Copy New '/Users/markloessi/Machine_Learning/Machine Learning A-Z New/p-value, How to calculate? - wikiHow.webloc' -> '/Volumes/128 GB SD/StudyStorage-SD/Machine_Learning/Machine Learning A-Z New/p-value, How to calculate_ - wikiHow.webloc' (94)
2019-05-01 18:30:17: Copy New '/Users/markloessi/Machine_Learning/Machine Learning A-Z New/p-value, What is it? - MathBootCamps.webloc' -> '/Volumes/128 GB SD/StudyStorage-SD/Machine_Learning/Machine Learning A-Z New/p-value, What is it_ - MathBootCamps.webloc' (101)
2019-05-01 18:30:17: Copy New '/Users/markloessi/Machine_Learning/Machine Learning A-Z New/Part 0 - Welcome to Machine Learning A-Z/categorical_data.py' -> '/Volumes/128 GB SD/StudyStorage-SD/Machine_Learning/Machine Learning A-Z New/Part 0 - Welcome to Machine Learning A-Z/categorical_data.py' (869)
2019-05-01 18:30:18: Copy New '/Users/markloessi/Machine_Learning/Machine Learning A-Z New/Part 0 - Welcome to Machine Learning A-Z/categorical_data.R' -> '/Volumes/128 GB SD/StudyStorage-SD/Machine_Learning/Machine Learning A-Z New/Part 0 - Welcome to Machine Learning A-Z/categorical_data.R' (762)
2019-05-01 18:30:18: Copy New '/Users/markloessi/Machine_Learning/Machine Learning A-Z New/Part 0 - Welcome to Machine Learning A-Z/Data.csv' -> '/Volumes/128 GB SD/StudyStorage-SD/Machine_Learning/Machine Learning A-Z New/Part 0 - Welcome to Machine Learning A-Z/Data.csv' (226)
2019-05-01 18:30:18: Copy New '/Users/markloessi/Machine_Learning/Machine Learning A-Z New/Part 0 - Welcome to Machine Learning A-Z/data_preprocessing_template.py' -> '/Volumes/128 GB SD/StudyStorage-SD/Machine_Learning/Machine Learning A-Z New/Part 0 - Welcome to Machine Learning A-Z/data_preprocessing_template.py' (685)
2019-05-01 18:30:18: Copy New '/Users/markloessi/Machine_Learning/Machine Learning A-Z New/Part 0 - Welcome to Machine Learning A-Z/data_preprocessing_template.R' -> '/Volumes/128 GB SD/StudyStorage-SD/Machine_Learning/Machine Learning A-Z New/Part 0 - Welcome to Machine Learning A-Z/data_preprocessing_template.R' (446)
2019-05-01 18:30:18: Copy New '/Users/markloessi/Machine_Learning/Machine Learning A-Z New/Part 0 - Welcome to Machine Learning A-Z/missing_data.py' -> '/Volumes/128 GB SD/StudyStorage-SD/Machine_Learning/Machine Learning A-Z New/Part 0 - Welcome to Machine Learning A-Z/missing_data.py' (457)
2019-05-01 18:30:18: Copy New '/Users/markloessi/Machine_Learning/Machine Learning A-Z New/Part 0 - Welcome to Machine Learning A-Z/missing_data.R' -> '/Volumes/128 GB SD/StudyStorage-SD/Machine_Learning/Machine Learning A-Z New/Part 0 - Welcome to Machine Learning A-Z/missing_data.R' (435)
2019-05-01 18:30:18: Copy New '/Users/markloessi/Machine_Learning/Machine Learning A-Z New/Part 1 - Data Preprocessing/categorical_data.py' -> '/Volumes/128 GB SD/StudyStorage-SD/Machine_Learning/Machine Learning A-Z New/Part 1 - Data Preprocessing/categorical_data.py' (869)
2019-05-01 18:30:18: Copy New '/Users/markloessi/Machine_Learning/Machine Learning A-Z New/Part 1 - Data Preprocessing/categorical_data.R' -> '/Volumes/128 GB SD/StudyStorage-SD/Machine_Learning/Machine Learning A-Z New/Part 1 - Data Preprocessing/categorical_data.R' (762)
2019-05-01 18:30:18: Copy New '/Users/markloessi/Machine_Learning/Machine Learning A-Z New/Part 1 - Data Preprocessing/Data.csv' -> '/Volumes/128 GB SD/StudyStorage-SD/Machine_Learning/Machine Learning A-Z New/Part 1 - Data Preprocessing/Data.csv' (226)
2019-05-01 18:30:18: Copy New '/Users/markloessi/Machine_Learning/Machine Learning A-Z New/Part 1 - Data Preprocessing/Data_Preprocessing_DOWNLOADS/categorical_data.py' -> '/Volumes/128 GB SD/StudyStorage-SD/Machine_Learning/Machine Learning A-Z New/Part 1 - Data Preprocessing/Data_Preprocessing_DOWNLOADS/categorical_data.py' (869)
2019-05-01 18:30:18: Copy New '/Users/markloessi/Machine_Learning/Machine Learning A-Z New/Part 1 - Data Preprocessing/Data_Preprocessing_DOWNLOADS/categorical_data.R' -> '/Volumes/128 GB SD/StudyStorage-SD/Machine_Learning/Machine Learning A-Z New/Part 1 - Data Preprocessing/Data_Preprocessing_DOWNLOADS/categorical_data.R' (762)
2019-05-01 18:30:18: Copy New '/Users/markloessi/Machine_Learning/Machine Learning A-Z New/Part 1 - Data Preprocessing/Data_Preprocessing_DOWNLOADS/Data.csv' -> '/Volumes/128 GB SD/StudyStorage-SD/Machine_Learning/Machine Learning A-Z New/Part 1 - Data Preprocessing/Data_Preprocessing_DOWNLOADS/Data.csv' (226)
2019-05-01 18:30:18: Copy New '/Users/markloessi/Machine_Learning/Machine Learning A-Z New/Part 1 - Data Preprocessing/Data_Preprocessing_DOWNLOADS/data_preprocessing_template.py' -> '/Volumes/128 GB SD/StudyStorage-SD/Machine_Learning/Machine Learning A-Z New/Part 1 - Data Preprocessing/Data_Preprocessing_DOWNLOADS/data_preprocessing_template.py' (685)
2019-05-01 18:30:18: Copy New '/Users/markloessi/Machine_Learning/Machine Learning A-Z New/Part 1 - Data Preprocessing/Data_Preprocessing_DOWNLOADS/data_preprocessing_template.R' -> '/Volumes/128 GB SD/StudyStorage-SD/Machine_Learning/Machine Learning A-Z New/Part 1 - Data Preprocessing/Data_Preprocessing_DOWNLOADS/data_preprocessing_template.R' (446)
2019-05-01 18:30:18: Copy New '/Users/markloessi/Machine_Learning/Machine Learning A-Z New/Part 1 - Data Preprocessing/Data_Preprocessing_DOWNLOADS/missing_data.py' -> '/Volumes/128 GB SD/StudyStorage-SD/Machine_Learning/Machine Learning A-Z New/Part 1 - Data Preprocessing/Data_Preprocessing_DOWNLOADS/missing_data.py' (457)
2019-05-01 18:30:18: Copy New '/Users/markloessi/Machine_Learning/Machine Learning A-Z New/Part 1 - Data Preprocessing/Data_Preprocessing_DOWNLOADS/missing_data.R' -> '/Volumes/128 GB SD/StudyStorage-SD/Machine_Learning/Machine Learning A-Z New/Part 1 - Data Preprocessing/Data_Preprocessing_DOWNLOADS/missing_data.R' (435)
2019-05-01 18:30:18: Copy New '/Users/markloessi/Machine_Learning/Machine Learning A-Z New/Part 1 - Data Preprocessing/data_preprocessing_template.py' -> '/Volumes/128 GB SD/StudyStorage-SD/Machine_Learning/Machine Learning A-Z New/Part 1 - Data Preprocessing/data_preprocessing_template.py' (799)
2019-05-01 18:30:18: Copy New '/Users/markloessi/Machine_Learning/Machine Learning A-Z New/Part 1 - Data Preprocessing/data_preprocessing_template.R' -> '/Volumes/128 GB SD/StudyStorage-SD/Machine_Learning/Machine Learning A-Z New/Part 1 - Data Preprocessing/data_preprocessing_template.R' (560)
2019-05-01 18:30:18: Copy New '/Users/markloessi/Machine_Learning/Machine Learning A-Z New/Part 1 - Data Preprocessing/missing_data.py' -> '/Volumes/128 GB SD/StudyStorage-SD/Machine_Learning/Machine Learning A-Z New/Part 1 - Data Preprocessing/missing_data.py' (457)
2019-05-01 18:30:18: Copy New '/Users/markloessi/Machine_Learning/Machine Learning A-Z New/Part 1 - Data Preprocessing/missing_data.R' -> '/Volumes/128 GB SD/StudyStorage-SD/Machine_Learning/Machine Learning A-Z New/Part 1 - Data Preprocessing/missing_data.R' (435)
2019-05-01 18:30:18: Copy New '/Users/markloessi/Machine_Learning/Machine Learning A-Z New/Part 1 - Data Preprocessing/OneHotEncoderQuizQuestion!.png' -> '/Volumes/128 GB SD/StudyStorage-SD/Machine_Learning/Machine Learning A-Z New/Part 1 - Data Preprocessing/OneHotEncoderQuizQuestion!.png' (385894)
2019-05-01 18:30:18: Copy New '/Users/markloessi/Machine_Learning/Machine Learning A-Z New/Part 1 - Data Preprocessing/PythonSpyder_TestTrainDATA.png' -> '/Volumes/128 GB SD/StudyStorage-SD/Machine_Learning/Machine Learning A-Z New/Part 1 - Data Preprocessing/PythonSpyder_TestTrainDATA.png' (365985)
2019-05-01 18:30:18: Copy New '/Users/markloessi/Machine_Learning/Machine Learning A-Z New/Part 1 - Data Preprocessing/SpyderHowToo.png' -> '/Volumes/128 GB SD/StudyStorage-SD/Machine_Learning/Machine Learning A-Z New/Part 1 - Data Preprocessing/SpyderHowToo.png' (524338)
2019-05-01 18:30:18: Copy New '/Users/markloessi/Machine_Learning/Machine Learning A-Z New/Part 10 - Model Selection & Boosting/Section 48 - Model Selection/grid_search.py' -> '/Volumes/128 GB SD/StudyStorage-SD/Machine_Learning/Machine Learning A-Z New/Part 10 - Model Selection & Boosting/Section 48 - Model Selection/grid_search.py' (3476)
2019-05-01 18:30:18: Copy New '/Users/markloessi/Machine_Learning/Machine Learning A-Z New/Part 10 - Model Selection & Boosting/Section 48 - Model Selection/grid_search.R' -> '/Volumes/128 GB SD/StudyStorage-SD/Machine_Learning/Machine Learning A-Z New/Part 10 - Model Selection & Boosting/Section 48 - Model Selection/grid_search.R' (3192)
2019-05-01 18:30:18: Copy New '/Users/markloessi/Machine_Learning/Machine Learning A-Z New/Part 10 - Model Selection & Boosting/Section 48 - Model Selection/k_fold_cross_validation.py' -> '/Volumes/128 GB SD/StudyStorage-SD/Machine_Learning/Machine Learning A-Z New/Part 10 - Model Selection & Boosting/Section 48 - Model Selection/k_fold_cross_validation.py' (2830)
2019-05-01 18:30:18: Copy New '/Users/markloessi/Machine_Learning/Machine Learning A-Z New/Part 10 - Model Selection & Boosting/Section 48 - Model Selection/k_fold_cross_validation.R' -> '/Volumes/128 GB SD/StudyStorage-SD/Machine_Learning/Machine Learning A-Z New/Part 10 - Model Selection & Boosting/Section 48 - Model Selection/k_fold_cross_validation.R' (2994)
2019-05-01 18:30:18: Copy New '/Users/markloessi/Machine_Learning/Machine Learning A-Z New/Part 10 - Model Selection & Boosting/Section 48 - Model Selection/Social_Network_Ads.csv' -> '/Volumes/128 GB SD/StudyStorage-SD/Machine_Learning/Machine Learning A-Z New/Part 10 - Model Selection & Boosting/Section 48 - Model Selection/Social_Network_Ads.csv' (10930)
2019-05-01 18:30:18: Copy New '/Users/markloessi/Machine_Learning/Machine Learning A-Z New/Part 10 - Model Selection & Boosting/Section 49 - XGBoost/Churn_Modelling.csv' -> '/Volumes/128 GB SD/StudyStorage-SD/Machine_Learning/Machine Learning A-Z New/Part 10 - Model Selection & Boosting/Section 49 - XGBoost/Churn_Modelling.csv' (684858)
2019-05-01 18:30:18: Copy New '/Users/markloessi/Machine_Learning/Machine Learning A-Z New/Part 10 - Model Selection & Boosting/Section 49 - XGBoost/xg_boost.py' -> '/Volumes/128 GB SD/StudyStorage-SD/Machine_Learning/Machine Learning A-Z New/Part 10 - Model Selection & Boosting/Section 49 - XGBoost/xg_boost.py' (1496)
2019-05-01 18:30:18: Copy New '/Users/markloessi/Machine_Learning/Machine Learning A-Z New/Part 10 - Model Selection & Boosting/Section 49 - XGBoost/xg_boost.R' -> '/Volumes/128 GB SD/StudyStorage-SD/Machine_Learning/Machine Learning A-Z New/Part 10 - Model Selection & Boosting/Section 49 - XGBoost/xg_boost.R' (1756)
2019-05-01 18:30:18: Copy New '/Users/markloessi/Machine_Learning/Machine Learning A-Z New/Part 2 - Regression/Section 4 - Simple Linear Regression/data_preprocessing_template.py' -> '/Volumes/128 GB SD/StudyStorage-SD/Machine_Learning/Machine Learning A-Z New/Part 2 - Regression/Section 4 - Simple Linear Regression/data_preprocessing_template.py' (698)
2019-05-01 18:30:18: Copy New '/Users/markloessi/Machine_Learning/Machine Learning A-Z New/Part 2 - Regression/Section 4 - Simple Linear Regression/data_preprocessing_template.R' -> '/Volumes/128 GB SD/StudyStorage-SD/Machine_Learning/Machine Learning A-Z New/Part 2 - Regression/Section 4 - Simple Linear Regression/data_preprocessing_template.R' (446)
2019-05-01 18:30:18: Copy New '/Users/markloessi/Machine_Learning/Machine Learning A-Z New/Part 2 - Regression/Section 4 - Simple Linear Regression/Salary_Data.csv' -> '/Volumes/128 GB SD/StudyStorage-SD/Machine_Learning/Machine Learning A-Z New/Part 2 - Regression/Section 4 - Simple Linear Regression/Salary_Data.csv' (454)
2019-05-01 18:30:18: Copy New '/Users/markloessi/Machine_Learning/Machine Learning A-Z New/Part 2 - Regression/Section 4 - Simple Linear Regression/simple_linear_regression.py' -> '/Volumes/128 GB SD/StudyStorage-SD/Machine_Learning/Machine Learning A-Z New/Part 2 - Regression/Section 4 - Simple Linear Regression/simple_linear_regression.py' (4941)
2019-05-01 18:30:18: Copy New '/Users/markloessi/Machine_Learning/Machine Learning A-Z New/Part 2 - Regression/Section 4 - Simple Linear Regression/simple_linear_regression.R' -> '/Volumes/128 GB SD/StudyStorage-SD/Machine_Learning/Machine Learning A-Z New/Part 2 - Regression/Section 4 - Simple Linear Regression/simple_linear_regression.R' (2835)
2019-05-01 18:30:18: Copy New '/Users/markloessi/Machine_Learning/Machine Learning A-Z New/Part 2 - Regression/Section 4 - Simple Linear Regression/SimpleLinearRegressionFORMULA.png' -> '/Volumes/128 GB SD/StudyStorage-SD/Machine_Learning/Machine Learning A-Z New/Part 2 - Regression/Section 4 - Simple Linear Regression/SimpleLinearRegressionFORMULA.png' (161688)
2019-05-01 18:30:18: Copy New '/Users/markloessi/Machine_Learning/Machine Learning A-Z New/Part 2 - Regression/Section 4 - Simple Linear Regression/SimpleLinearRegressionGRAPH.png' -> '/Volumes/128 GB SD/StudyStorage-SD/Machine_Learning/Machine Learning A-Z New/Part 2 - Regression/Section 4 - Simple Linear Regression/SimpleLinearRegressionGRAPH.png' (283497)
2019-05-01 18:30:18: Copy New '/Users/markloessi/Machine_Learning/Machine Learning A-Z New/Part 2 - Regression/Section 4 - Simple Linear Regression/SimpleLinearRegressionLINE_ordinaryLeastSquares.png' -> '/Volumes/128 GB SD/StudyStorage-SD/Machine_Learning/Machine Learning A-Z New/Part 2 - Regression/Section 4 - Simple Linear Regression/SimpleLinearRegressionLINE_ordinaryLeastSquares.png' (296424)
2019-05-01 18:30:18: Copy New '/Users/markloessi/Machine_Learning/Machine Learning A-Z New/Part 2 - Regression/Section 5 - Multiple Linear Regression/50_Startups.csv' -> '/Volumes/128 GB SD/StudyStorage-SD/Machine_Learning/Machine Learning A-Z New/Part 2 - Regression/Section 5 - Multiple Linear Regression/50_Startups.csv' (2436)
2019-05-01 18:30:18: Copy New '/Users/markloessi/Machine_Learning/Machine Learning A-Z New/Part 2 - Regression/Section 5 - Multiple Linear Regression/50_Startups_HOMEWORK.csv' -> '/Volumes/128 GB SD/StudyStorage-SD/Machine_Learning/Machine Learning A-Z New/Part 2 - Regression/Section 5 - Multiple Linear Regression/50_Startups_HOMEWORK.csv' (2436)
2019-05-01 18:30:18: Copy New '/Users/markloessi/Machine_Learning/Machine Learning A-Z New/Part 2 - Regression/Section 5 - Multiple Linear Regression/data_preprocessing_template.py' -> '/Volumes/128 GB SD/StudyStorage-SD/Machine_Learning/Machine Learning A-Z New/Part 2 - Regression/Section 5 - Multiple Linear Regression/data_preprocessing_template.py' (698)
2019-05-01 18:30:18: Copy New '/Users/markloessi/Machine_Learning/Machine Learning A-Z New/Part 2 - Regression/Section 5 - Multiple Linear Regression/data_preprocessing_template.R' -> '/Volumes/128 GB SD/StudyStorage-SD/Machine_Learning/Machine Learning A-Z New/Part 2 - Regression/Section 5 - Multiple Linear Regression/data_preprocessing_template.R' (446)
2019-05-01 18:30:18: Copy New '/Users/markloessi/Machine_Learning/Machine Learning A-Z New/Part 2 - Regression/Section 5 - Multiple Linear Regression/data_preprocessing_template_HOMEWORK.py' -> '/Volumes/128 GB SD/StudyStorage-SD/Machine_Learning/Machine Learning A-Z New/Part 2 - Regression/Section 5 - Multiple Linear Regression/data_preprocessing_template_HOMEWORK.py' (685)
2019-05-01 18:30:18: Copy New '/Users/markloessi/Machine_Learning/Machine Learning A-Z New/Part 2 - Regression/Section 5 - Multiple Linear Regression/data_preprocessing_template_HOMEWORK.R' -> '/Volumes/128 GB SD/StudyStorage-SD/Machine_Learning/Machine Learning A-Z New/Part 2 - Regression/Section 5 - Multiple Linear Regression/data_preprocessing_template_HOMEWORK.R' (446)
2019-05-01 18:30:18: Copy New '/Users/markloessi/Machine_Learning/Machine Learning A-Z New/Part 2 - Regression/Section 5 - Multiple Linear Regression/data_preprocessing_template_NOTES.py' -> '/Volumes/128 GB SD/StudyStorage-SD/Machine_Learning/Machine Learning A-Z New/Part 2 - Regression/Section 5 - Multiple Linear Regression/data_preprocessing_template_NOTES.py' (9724)
2019-05-01 18:30:18: Copy New '/Users/markloessi/Machine_Learning/Machine Learning A-Z New/Part 2 - Regression/Section 5 - Multiple Linear Regression/data_preprocessing_template_NOTES.R' -> '/Volumes/128 GB SD/StudyStorage-SD/Machine_Learning/Machine Learning A-Z New/Part 2 - Regression/Section 5 - Multiple Linear Regression/data_preprocessing_template_NOTES.R' (5363)
2019-05-01 18:30:18: Copy New '/Users/markloessi/Machine_Learning/Machine Learning A-Z New/Part 2 - Regression/Section 5 - Multiple Linear Regression/IncludeConstant.png' -> '/Volumes/128 GB SD/StudyStorage-SD/Machine_Learning/Machine Learning A-Z New/Part 2 - Regression/Section 5 - Multiple Linear Regression/IncludeConstant.png' (81156)
2019-05-01 18:30:18: Copy New '/Users/markloessi/Machine_Learning/Machine Learning A-Z New/Part 2 - Regression/Section 5 - Multiple Linear Regression/multiple_linear_regression.py' -> '/Volumes/128 GB SD/StudyStorage-SD/Machine_Learning/Machine Learning A-Z New/Part 2 - Regression/Section 5 - Multiple Linear Regression/multiple_linear_regression.py' (4909)
2019-05-01 18:30:18: Copy New '/Users/markloessi/Machine_Learning/Machine Learning A-Z New/Part 2 - Regression/Section 5 - Multiple Linear Regression/multiple_linear_regression.R' -> '/Volumes/128 GB SD/StudyStorage-SD/Machine_Learning/Machine Learning A-Z New/Part 2 - Regression/Section 5 - Multiple Linear Regression/multiple_linear_regression.R' (845)
2019-05-01 18:30:18: Copy New '/Users/markloessi/Machine_Learning/Machine Learning A-Z New/Part 2 - Regression/Section 5 - Multiple Linear Regression/multiple_linear_regression_HOMEWORK.py' -> '/Volumes/128 GB SD/StudyStorage-SD/Machine_Learning/Machine Learning A-Z New/Part 2 - Regression/Section 5 - Multiple Linear Regression/multiple_linear_regression_HOMEWORK.py' (1942)
2019-05-01 18:30:18: Copy New '/Users/markloessi/Machine_Learning/Machine Learning A-Z New/Part 2 - Regression/Section 5 - Multiple Linear Regression/multiple_linear_regression_HOMEWORK.R' -> '/Volumes/128 GB SD/StudyStorage-SD/Machine_Learning/Machine Learning A-Z New/Part 2 - Regression/Section 5 - Multiple Linear Regression/multiple_linear_regression_HOMEWORK.R' (1612)
2019-05-01 18:30:18: Copy New '/Users/markloessi/Machine_Learning/Machine Learning A-Z New/Part 2 - Regression/Section 5 - Multiple Linear Regression/MultipleLinearRegressionFORMULA.png' -> '/Volumes/128 GB SD/StudyStorage-SD/Machine_Learning/Machine Learning A-Z New/Part 2 - Regression/Section 5 - Multiple Linear Regression/MultipleLinearRegressionFORMULA.png' (159347)
2019-05-01 18:30:18: Copy New '/Users/markloessi/Machine_Learning/Machine Learning A-Z New/Part 2 - Regression/Section 5 - Multiple Linear Regression/MultipleLinearRegressionNOTES.rtf' -> '/Volumes/128 GB SD/StudyStorage-SD/Machine_Learning/Machine Learning A-Z New/Part 2 - Regression/Section 5 - Multiple Linear Regression/MultipleLinearRegressionNOTES.rtf' (1221)
2019-05-01 18:30:18: Copy New '/Users/markloessi/Machine_Learning/Machine Learning A-Z New/Part 2 - Regression/Section 5 - Multiple Linear Regression/P14-Step-by-step-Blueprints-For-Building-Models.pdf' -> '/Volumes/128 GB SD/StudyStorage-SD/Machine_Learning/Machine Learning A-Z New/Part 2 - Regression/Section 5 - Multiple Linear Regression/P14-Step-by-step-Blueprints-For-Building-Models.pdf' (787061)
2019-05-01 18:30:18: Copy New '/Users/markloessi/Machine_Learning/Machine Learning A-Z New/Part 2 - Regression/Section 6 - Polynomial Regression/data_preprocessing_template.py' -> '/Volumes/128 GB SD/StudyStorage-SD/Machine_Learning/Machine Learning A-Z New/Part 2 - Regression/Section 6 - Polynomial Regression/data_preprocessing_template.py' (698)
2019-05-01 18:30:18: Copy New '/Users/markloessi/Machine_Learning/Machine Learning A-Z New/Part 2 - Regression/Section 6 - Polynomial Regression/data_preprocessing_template.R' -> '/Volumes/128 GB SD/StudyStorage-SD/Machine_Learning/Machine Learning A-Z New/Part 2 - Regression/Section 6 - Polynomial Regression/data_preprocessing_template.R' (446)
2019-05-01 18:30:18: Copy New '/Users/markloessi/Machine_Learning/Machine Learning A-Z New/Part 2 - Regression/Section 6 - Polynomial Regression/polynomial_regression.py' -> '/Volumes/128 GB SD/StudyStorage-SD/Machine_Learning/Machine Learning A-Z New/Part 2 - Regression/Section 6 - Polynomial Regression/polynomial_regression.py' (2122)
2019-05-01 18:30:18: Copy New '/Users/markloessi/Machine_Learning/Machine Learning A-Z New/Part 2 - Regression/Section 6 - Polynomial Regression/polynomial_regression.R' -> '/Volumes/128 GB SD/StudyStorage-SD/Machine_Learning/Machine Learning A-Z New/Part 2 - Regression/Section 6 - Polynomial Regression/polynomial_regression.R' (2680)
2019-05-01 18:30:18: Copy New '/Users/markloessi/Machine_Learning/Machine Learning A-Z New/Part 2 - Regression/Section 6 - Polynomial Regression/Position_Salaries.csv' -> '/Volumes/128 GB SD/StudyStorage-SD/Machine_Learning/Machine Learning A-Z New/Part 2 - Regression/Section 6 - Polynomial Regression/Position_Salaries.csv' (246)
2019-05-01 18:30:18: Copy New '/Users/markloessi/Machine_Learning/Machine Learning A-Z New/Part 2 - Regression/Section 7 - Support Vector Regression (SVR)/Position_Salaries.csv' -> '/Volumes/128 GB SD/StudyStorage-SD/Machine_Learning/Machine Learning A-Z New/Part 2 - Regression/Section 7 - Support Vector Regression (SVR)/Position_Salaries.csv' (246)
2019-05-01 18:30:18: Copy New '/Users/markloessi/Machine_Learning/Machine Learning A-Z New/Part 2 - Regression/Section 7 - Support Vector Regression (SVR)/regression_template.py' -> '/Volumes/128 GB SD/StudyStorage-SD/Machine_Learning/Machine Learning A-Z New/Part 2 - Regression/Section 7 - Support Vector Regression (SVR)/regression_template.py' (1437)
2019-05-01 18:30:18: Copy New '/Users/markloessi/Machine_Learning/Machine Learning A-Z New/Part 2 - Regression/Section 7 - Support Vector Regression (SVR)/regression_template.R' -> '/Volumes/128 GB SD/StudyStorage-SD/Machine_Learning/Machine Learning A-Z New/Part 2 - Regression/Section 7 - Support Vector Regression (SVR)/regression_template.R' (1512)
2019-05-01 18:30:18: Copy New '/Users/markloessi/Machine_Learning/Machine Learning A-Z New/Part 2 - Regression/Section 7 - Support Vector Regression (SVR)/svr.py' -> '/Volumes/128 GB SD/StudyStorage-SD/Machine_Learning/Machine Learning A-Z New/Part 2 - Regression/Section 7 - Support Vector Regression (SVR)/svr.py' (1470)
2019-05-01 18:30:18: Copy New '/Users/markloessi/Machine_Learning/Machine Learning A-Z New/Part 2 - Regression/Section 7 - Support Vector Regression (SVR)/svr.R' -> '/Volumes/128 GB SD/StudyStorage-SD/Machine_Learning/Machine Learning A-Z New/Part 2 - Regression/Section 7 - Support Vector Regression (SVR)/svr.R' (1587)
2019-05-01 18:30:18: Copy New '/Users/markloessi/Machine_Learning/Machine Learning A-Z New/Part 2 - Regression/Section 8 - Decision Tree Regression/decision_tree_regression.py' -> '/Volumes/128 GB SD/StudyStorage-SD/Machine_Learning/Machine Learning A-Z New/Part 2 - Regression/Section 8 - Decision Tree Regression/decision_tree_regression.py' (1311)
2019-05-01 18:30:18: Copy New '/Users/markloessi/Machine_Learning/Machine Learning A-Z New/Part 2 - Regression/Section 8 - Decision Tree Regression/decision_tree_regression.R' -> '/Volumes/128 GB SD/StudyStorage-SD/Machine_Learning/Machine Learning A-Z New/Part 2 - Regression/Section 8 - Decision Tree Regression/decision_tree_regression.R' (1359)
2019-05-01 18:30:18: Copy New '/Users/markloessi/Machine_Learning/Machine Learning A-Z New/Part 2 - Regression/Section 8 - Decision Tree Regression/Position_Salaries.csv' -> '/Volumes/128 GB SD/StudyStorage-SD/Machine_Learning/Machine Learning A-Z New/Part 2 - Regression/Section 8 - Decision Tree Regression/Position_Salaries.csv' (246)
2019-05-01 18:30:18: Copy New '/Users/markloessi/Machine_Learning/Machine Learning A-Z New/Part 2 - Regression/Section 8 - Decision Tree Regression/regression_template.py' -> '/Volumes/128 GB SD/StudyStorage-SD/Machine_Learning/Machine Learning A-Z New/Part 2 - Regression/Section 8 - Decision Tree Regression/regression_template.py' (1437)
2019-05-01 18:30:18: Copy New '/Users/markloessi/Machine_Learning/Machine Learning A-Z New/Part 2 - Regression/Section 8 - Decision Tree Regression/regression_template.R' -> '/Volumes/128 GB SD/StudyStorage-SD/Machine_Learning/Machine Learning A-Z New/Part 2 - Regression/Section 8 - Decision Tree Regression/regression_template.R' (1512)
2019-05-01 18:30:18: Copy New '/Users/markloessi/Machine_Learning/Machine Learning A-Z New/Part 2 - Regression/Section 9 - Random Forest Regression/Position_Salaries.csv' -> '/Volumes/128 GB SD/StudyStorage-SD/Machine_Learning/Machine Learning A-Z New/Part 2 - Regression/Section 9 - Random Forest Regression/Position_Salaries.csv' (246)
2019-05-01 18:30:18: Copy New '/Users/markloessi/Machine_Learning/Machine Learning A-Z New/Part 2 - Regression/Section 9 - Random Forest Regression/random_forest_regression.py' -> '/Volumes/128 GB SD/StudyStorage-SD/Machine_Learning/Machine Learning A-Z New/Part 2 - Regression/Section 9 - Random Forest Regression/random_forest_regression.py' (1334)
2019-05-01 18:30:18: Copy New '/Users/markloessi/Machine_Learning/Machine Learning A-Z New/Part 2 - Regression/Section 9 - Random Forest Regression/random_forest_regression.R' -> '/Volumes/128 GB SD/StudyStorage-SD/Machine_Learning/Machine Learning A-Z New/Part 2 - Regression/Section 9 - Random Forest Regression/random_forest_regression.R' (1329)
2019-05-01 18:30:18: Copy New '/Users/markloessi/Machine_Learning/Machine Learning A-Z New/Part 2 - Regression/Section 9 - Random Forest Regression/regression_template.py' -> '/Volumes/128 GB SD/StudyStorage-SD/Machine_Learning/Machine Learning A-Z New/Part 2 - Regression/Section 9 - Random Forest Regression/regression_template.py' (1437)
2019-05-01 18:30:18: Copy New '/Users/markloessi/Machine_Learning/Machine Learning A-Z New/Part 2 - Regression/Section 9 - Random Forest Regression/regression_template.R' -> '/Volumes/128 GB SD/StudyStorage-SD/Machine_Learning/Machine Learning A-Z New/Part 2 - Regression/Section 9 - Random Forest Regression/regression_template.R' (1512)
2019-05-01 18:30:18: Copy New '/Users/markloessi/Machine_Learning/Machine Learning A-Z New/Part 3 - Classification/Section 14 - Logistic Regression/logistic_regression.py' -> '/Volumes/128 GB SD/StudyStorage-SD/Machine_Learning/Machine Learning A-Z New/Part 3 - Classification/Section 14 - Logistic Regression/logistic_regression.py' (2665)
2019-05-01 18:30:18: Copy New '/Users/markloessi/Machine_Learning/Machine Learning A-Z New/Part 3 - Classification/Section 14 - Logistic Regression/logistic_regression.R' -> '/Volumes/128 GB SD/StudyStorage-SD/Machine_Learning/Machine Learning A-Z New/Part 3 - Classification/Section 14 - Logistic Regression/logistic_regression.R' (2496)
2019-05-01 18:30:18: Copy New '/Users/markloessi/Machine_Learning/Machine Learning A-Z New/Part 3 - Classification/Section 14 - Logistic Regression/Social_Network_Ads.csv' -> '/Volumes/128 GB SD/StudyStorage-SD/Machine_Learning/Machine Learning A-Z New/Part 3 - Classification/Section 14 - Logistic Regression/Social_Network_Ads.csv' (10926)
2019-05-01 18:30:18: Copy New '/Users/markloessi/Machine_Learning/Machine Learning A-Z New/Part 3 - Classification/Section 15 - K-Nearest Neighbors (K-NN)/classification_template.py' -> '/Volumes/128 GB SD/StudyStorage-SD/Machine_Learning/Machine Learning A-Z New/Part 3 - Classification/Section 15 - K-Nearest Neighbors (K-NN)/classification_template.py' (2537)
2019-05-01 18:30:18: Copy New '/Users/markloessi/Machine_Learning/Machine Learning A-Z New/Part 3 - Classification/Section 15 - K-Nearest Neighbors (K-NN)/classification_template.R' -> '/Volumes/128 GB SD/StudyStorage-SD/Machine_Learning/Machine Learning A-Z New/Part 3 - Classification/Section 15 - K-Nearest Neighbors (K-NN)/classification_template.R' (2197)
2019-05-01 18:30:18: Copy New '/Users/markloessi/Machine_Learning/Machine Learning A-Z New/Part 3 - Classification/Section 15 - K-Nearest Neighbors (K-NN)/knn.py' -> '/Volumes/128 GB SD/StudyStorage-SD/Machine_Learning/Machine Learning A-Z New/Part 3 - Classification/Section 15 - K-Nearest Neighbors (K-NN)/knn.py' (2656)
2019-05-01 18:30:18: Copy New '/Users/markloessi/Machine_Learning/Machine Learning A-Z New/Part 3 - Classification/Section 15 - K-Nearest Neighbors (K-NN)/knn.R' -> '/Volumes/128 GB SD/StudyStorage-SD/Machine_Learning/Machine Learning A-Z New/Part 3 - Classification/Section 15 - K-Nearest Neighbors (K-NN)/knn.R' (2360)
2019-05-01 18:30:18: Copy New '/Users/markloessi/Machine_Learning/Machine Learning A-Z New/Part 3 - Classification/Section 15 - K-Nearest Neighbors (K-NN)/Social_Network_Ads.csv' -> '/Volumes/128 GB SD/StudyStorage-SD/Machine_Learning/Machine Learning A-Z New/Part 3 - Classification/Section 15 - K-Nearest Neighbors (K-NN)/Social_Network_Ads.csv' (10926)
2019-05-01 18:30:18: Copy New '/Users/markloessi/Machine_Learning/Machine Learning A-Z New/Part 3 - Classification/Section 16 - Support Vector Machine (SVM)/classification_template.py' -> '/Volumes/128 GB SD/StudyStorage-SD/Machine_Learning/Machine Learning A-Z New/Part 3 - Classification/Section 16 - Support Vector Machine (SVM)/classification_template.py' (2537)
2019-05-01 18:30:18: Copy New '/Users/markloessi/Machine_Learning/Machine Learning A-Z New/Part 3 - Classification/Section 16 - Support Vector Machine (SVM)/classification_template.R' -> '/Volumes/128 GB SD/StudyStorage-SD/Machine_Learning/Machine Learning A-Z New/Part 3 - Classification/Section 16 - Support Vector Machine (SVM)/classification_template.R' (2197)
2019-05-01 18:30:18: Copy New '/Users/markloessi/Machine_Learning/Machine Learning A-Z New/Part 3 - Classification/Section 16 - Support Vector Machine (SVM)/Social_Network_Ads.csv' -> '/Volumes/128 GB SD/StudyStorage-SD/Machine_Learning/Machine Learning A-Z New/Part 3 - Classification/Section 16 - Support Vector Machine (SVM)/Social_Network_Ads.csv' (10926)
2019-05-01 18:30:18: Copy New '/Users/markloessi/Machine_Learning/Machine Learning A-Z New/Part 3 - Classification/Section 16 - Support Vector Machine (SVM)/svm.py' -> '/Volumes/128 GB SD/StudyStorage-SD/Machine_Learning/Machine Learning A-Z New/Part 3 - Classification/Section 16 - Support Vector Machine (SVM)/svm.py' (2606)
2019-05-01 18:30:18: Copy New '/Users/markloessi/Machine_Learning/Machine Learning A-Z New/Part 3 - Classification/Section 16 - Support Vector Machine (SVM)/svm.R' -> '/Volumes/128 GB SD/StudyStorage-SD/Machine_Learning/Machine Learning A-Z New/Part 3 - Classification/Section 16 - Support Vector Machine (SVM)/svm.R' (2354)
2019-05-01 18:30:18: Copy New '/Users/markloessi/Machine_Learning/Machine Learning A-Z New/Part 3 - Classification/Section 17 - Kernel SVM/classification_template.py' -> '/Volumes/128 GB SD/StudyStorage-SD/Machine_Learning/Machine Learning A-Z New/Part 3 - Classification/Section 17 - Kernel SVM/classification_template.py' (2537)
2019-05-01 18:30:18: Copy New '/Users/markloessi/Machine_Learning/Machine Learning A-Z New/Part 3 - Classification/Section 17 - Kernel SVM/classification_template.R' -> '/Volumes/128 GB SD/StudyStorage-SD/Machine_Learning/Machine Learning A-Z New/Part 3 - Classification/Section 17 - Kernel SVM/classification_template.R' (2197)
2019-05-01 18:30:18: Copy New '/Users/markloessi/Machine_Learning/Machine Learning A-Z New/Part 3 - Classification/Section 17 - Kernel SVM/kernel_svm.py' -> '/Volumes/128 GB SD/StudyStorage-SD/Machine_Learning/Machine Learning A-Z New/Part 3 - Classification/Section 17 - Kernel SVM/kernel_svm.py' (2606)
2019-05-01 18:30:18: Copy New '/Users/markloessi/Machine_Learning/Machine Learning A-Z New/Part 3 - Classification/Section 17 - Kernel SVM/kernel_svm.R' -> '/Volumes/128 GB SD/StudyStorage-SD/Machine_Learning/Machine Learning A-Z New/Part 3 - Classification/Section 17 - Kernel SVM/kernel_svm.R' (2357)
2019-05-01 18:30:18: Copy New '/Users/markloessi/Machine_Learning/Machine Learning A-Z New/Part 3 - Classification/Section 17 - Kernel SVM/Social_Network_Ads.csv' -> '/Volumes/128 GB SD/StudyStorage-SD/Machine_Learning/Machine Learning A-Z New/Part 3 - Classification/Section 17 - Kernel SVM/Social_Network_Ads.csv' (10926)
2019-05-01 18:30:18: Copy New '/Users/markloessi/Machine_Learning/Machine Learning A-Z New/Part 3 - Classification/Section 18 - Naive Bayes/classification_template.py' -> '/Volumes/128 GB SD/StudyStorage-SD/Machine_Learning/Machine Learning A-Z New/Part 3 - Classification/Section 18 - Naive Bayes/classification_template.py' (2537)
2019-05-01 18:30:18: Copy New '/Users/markloessi/Machine_Learning/Machine Learning A-Z New/Part 3 - Classification/Section 18 - Naive Bayes/classification_template.R' -> '/Volumes/128 GB SD/StudyStorage-SD/Machine_Learning/Machine Learning A-Z New/Part 3 - Classification/Section 18 - Naive Bayes/classification_template.R' (2197)
2019-05-01 18:30:18: Copy New '/Users/markloessi/Machine_Learning/Machine Learning A-Z New/Part 3 - Classification/Section 18 - Naive Bayes/naive_bayes.py' -> '/Volumes/128 GB SD/StudyStorage-SD/Machine_Learning/Machine Learning A-Z New/Part 3 - Classification/Section 18 - Naive Bayes/naive_bayes.py' (2600)
2019-05-01 18:30:18: Copy New '/Users/markloessi/Machine_Learning/Machine Learning A-Z New/Part 3 - Classification/Section 18 - Naive Bayes/naive_bayes.R' -> '/Volumes/128 GB SD/StudyStorage-SD/Machine_Learning/Machine Learning A-Z New/Part 3 - Classification/Section 18 - Naive Bayes/naive_bayes.R' (2275)
2019-05-01 18:30:18: Copy New '/Users/markloessi/Machine_Learning/Machine Learning A-Z New/Part 3 - Classification/Section 18 - Naive Bayes/Social_Network_Ads.csv' -> '/Volumes/128 GB SD/StudyStorage-SD/Machine_Learning/Machine Learning A-Z New/Part 3 - Classification/Section 18 - Naive Bayes/Social_Network_Ads.csv' (10926)
2019-05-01 18:30:18: Copy New '/Users/markloessi/Machine_Learning/Machine Learning A-Z New/Part 3 - Classification/Section 19 - Decision Tree Classification/classification_template.py' -> '/Volumes/128 GB SD/StudyStorage-SD/Machine_Learning/Machine Learning A-Z New/Part 3 - Classification/Section 19 - Decision Tree Classification/classification_template.py' (2537)
2019-05-01 18:30:18: Copy New '/Users/markloessi/Machine_Learning/Machine Learning A-Z New/Part 3 - Classification/Section 19 - Decision Tree Classification/classification_template.R' -> '/Volumes/128 GB SD/StudyStorage-SD/Machine_Learning/Machine Learning A-Z New/Part 3 - Classification/Section 19 - Decision Tree Classification/classification_template.R' (2197)
2019-05-01 18:30:18: Copy New '/Users/markloessi/Machine_Learning/Machine Learning A-Z New/Part 3 - Classification/Section 19 - Decision Tree Classification/decision_tree_classification.py' -> '/Volumes/128 GB SD/StudyStorage-SD/Machine_Learning/Machine Learning A-Z New/Part 3 - Classification/Section 19 - Decision Tree Classification/decision_tree_classification.py' (2724)
2019-05-01 18:30:18: Copy New '/Users/markloessi/Machine_Learning/Machine Learning A-Z New/Part 3 - Classification/Section 19 - Decision Tree Classification/decision_tree_classification.R' -> '/Volumes/128 GB SD/StudyStorage-SD/Machine_Learning/Machine Learning A-Z New/Part 3 - Classification/Section 19 - Decision Tree Classification/decision_tree_classification.R' (2456)
2019-05-01 18:30:18: Copy New '/Users/markloessi/Machine_Learning/Machine Learning A-Z New/Part 3 - Classification/Section 19 - Decision Tree Classification/Social_Network_Ads.csv' -> '/Volumes/128 GB SD/StudyStorage-SD/Machine_Learning/Machine Learning A-Z New/Part 3 - Classification/Section 19 - Decision Tree Classification/Social_Network_Ads.csv' (10926)
2019-05-01 18:30:18: Copy New '/Users/markloessi/Machine_Learning/Machine Learning A-Z New/Part 3 - Classification/Section 20 - Random Forest Classification/classification_template.py' -> '/Volumes/128 GB SD/StudyStorage-SD/Machine_Learning/Machine Learning A-Z New/Part 3 - Classification/Section 20 - Random Forest Classification/classification_template.py' (2537)
2019-05-01 18:30:18: Copy New '/Users/markloessi/Machine_Learning/Machine Learning A-Z New/Part 3 - Classification/Section 20 - Random Forest Classification/classification_template.R' -> '/Volumes/128 GB SD/StudyStorage-SD/Machine_Learning/Machine Learning A-Z New/Part 3 - Classification/Section 20 - Random Forest Classification/classification_template.R' (2197)
2019-05-01 18:30:18: Copy New '/Users/markloessi/Machine_Learning/Machine Learning A-Z New/Part 3 - Classification/Section 20 - Random Forest Classification/random_forest_classification.py' -> '/Volumes/128 GB SD/StudyStorage-SD/Machine_Learning/Machine Learning A-Z New/Part 3 - Classification/Section 20 - Random Forest Classification/random_forest_classification.py' (2747)
2019-05-01 18:30:18: Copy New '/Users/markloessi/Machine_Learning/Machine Learning A-Z New/Part 3 - Classification/Section 20 - Random Forest Classification/random_forest_classification.R' -> '/Volumes/128 GB SD/StudyStorage-SD/Machine_Learning/Machine Learning A-Z New/Part 3 - Classification/Section 20 - Random Forest Classification/random_forest_classification.R' (2467)
2019-05-01 18:30:18: Copy New '/Users/markloessi/Machine_Learning/Machine Learning A-Z New/Part 3 - Classification/Section 20 - Random Forest Classification/Social_Network_Ads.csv' -> '/Volumes/128 GB SD/StudyStorage-SD/Machine_Learning/Machine Learning A-Z New/Part 3 - Classification/Section 20 - Random Forest Classification/Social_Network_Ads.csv' (10926)
2019-05-01 18:30:18: Copy New '/Users/markloessi/Machine_Learning/Machine Learning A-Z New/Part 4 - Clustering/Section 24 - K-Means Clustering/data_preprocessing_template.py' -> '/Volumes/128 GB SD/StudyStorage-SD/Machine_Learning/Machine Learning A-Z New/Part 4 - Clustering/Section 24 - K-Means Clustering/data_preprocessing_template.py' (698)
2019-05-01 18:30:18: Copy New '/Users/markloessi/Machine_Learning/Machine Learning A-Z New/Part 4 - Clustering/Section 24 - K-Means Clustering/data_preprocessing_template.R' -> '/Volumes/128 GB SD/StudyStorage-SD/Machine_Learning/Machine Learning A-Z New/Part 4 - Clustering/Section 24 - K-Means Clustering/data_preprocessing_template.R' (446)
2019-05-01 18:30:18: Copy New '/Users/markloessi/Machine_Learning/Machine Learning A-Z New/Part 4 - Clustering/Section 24 - K-Means Clustering/kmeans.py' -> '/Volumes/128 GB SD/StudyStorage-SD/Machine_Learning/Machine Learning A-Z New/Part 4 - Clustering/Section 24 - K-Means Clustering/kmeans.py' (1987)
2019-05-01 18:30:18: Copy New '/Users/markloessi/Machine_Learning/Machine Learning A-Z New/Part 4 - Clustering/Section 24 - K-Means Clustering/kmeans.R' -> '/Volumes/128 GB SD/StudyStorage-SD/Machine_Learning/Machine Learning A-Z New/Part 4 - Clustering/Section 24 - K-Means Clustering/kmeans.R' (1212)
2019-05-01 18:30:19: Copy New '/Users/markloessi/Machine_Learning/Machine Learning A-Z New/Part 4 - Clustering/Section 24 - K-Means Clustering/Mall_Customers.csv' -> '/Volumes/128 GB SD/StudyStorage-SD/Machine_Learning/Machine Learning A-Z New/Part 4 - Clustering/Section 24 - K-Means Clustering/Mall_Customers.csv' (4286)
2019-05-01 18:30:19: Copy New '/Users/markloessi/Machine_Learning/Machine Learning A-Z New/Part 4 - Clustering/Section 25 - Hierarchical Clustering/data_preprocessing_template.py' -> '/Volumes/128 GB SD/StudyStorage-SD/Machine_Learning/Machine Learning A-Z New/Part 4 - Clustering/Section 25 - Hierarchical Clustering/data_preprocessing_template.py' (698)
2019-05-01 18:30:19: Copy New '/Users/markloessi/Machine_Learning/Machine Learning A-Z New/Part 4 - Clustering/Section 25 - Hierarchical Clustering/data_preprocessing_template.R' -> '/Volumes/128 GB SD/StudyStorage-SD/Machine_Learning/Machine Learning A-Z New/Part 4 - Clustering/Section 25 - Hierarchical Clustering/data_preprocessing_template.R' (446)
2019-05-01 18:30:19: Copy New '/Users/markloessi/Machine_Learning/Machine Learning A-Z New/Part 4 - Clustering/Section 25 - Hierarchical Clustering/hc.py' -> '/Volumes/128 GB SD/StudyStorage-SD/Machine_Learning/Machine Learning A-Z New/Part 4 - Clustering/Section 25 - Hierarchical Clustering/hc.py' (1784)
2019-05-01 18:30:19: Copy New '/Users/markloessi/Machine_Learning/Machine Learning A-Z New/Part 4 - Clustering/Section 25 - Hierarchical Clustering/hc.R' -> '/Volumes/128 GB SD/StudyStorage-SD/Machine_Learning/Machine Learning A-Z New/Part 4 - Clustering/Section 25 - Hierarchical Clustering/hc.R' (1209)
2019-05-01 18:30:19: Copy New '/Users/markloessi/Machine_Learning/Machine Learning A-Z New/Part 4 - Clustering/Section 25 - Hierarchical Clustering/Mall_Customers.csv' -> '/Volumes/128 GB SD/StudyStorage-SD/Machine_Learning/Machine Learning A-Z New/Part 4 - Clustering/Section 25 - Hierarchical Clustering/Mall_Customers.csv' (4286)
2019-05-01 18:30:19: Copy New '/Users/markloessi/Machine_Learning/Machine Learning A-Z New/Part 5 - Association Rule Learning/Section 28 - Apriori/Apriori_Python/apriori.py' -> '/Volumes/128 GB SD/StudyStorage-SD/Machine_Learning/Machine Learning A-Z New/Part 5 - Association Rule Learning/Section 28 - Apriori/Apriori_Python/apriori.py' (531)
2019-05-01 18:30:19: Copy New '/Users/markloessi/Machine_Learning/Machine Learning A-Z New/Part 5 - Association Rule Learning/Section 28 - Apriori/Apriori_Python/apyori.py' -> '/Volumes/128 GB SD/StudyStorage-SD/Machine_Learning/Machine Learning A-Z New/Part 5 - Association Rule Learning/Section 28 - Apriori/Apriori_Python/apyori.py' (14556)
2019-05-01 18:30:19: Copy New '/Users/markloessi/Machine_Learning/Machine Learning A-Z New/Part 5 - Association Rule Learning/Section 28 - Apriori/Apriori_Python/Market_Basket_Optimisation.csv' -> '/Volumes/128 GB SD/StudyStorage-SD/Machine_Learning/Machine Learning A-Z New/Part 5 - Association Rule Learning/Section 28 - Apriori/Apriori_Python/Market_Basket_Optimisation.csv' (302908)
2019-05-01 18:30:19: Copy New '/Users/markloessi/Machine_Learning/Machine Learning A-Z New/Part 5 - Association Rule Learning/Section 28 - Apriori/Apriori_R/apriori.R' -> '/Volumes/128 GB SD/StudyStorage-SD/Machine_Learning/Machine Learning A-Z New/Part 5 - Association Rule Learning/Section 28 - Apriori/Apriori_R/apriori.R' (482)
2019-05-01 18:30:19: Copy New '/Users/markloessi/Machine_Learning/Machine Learning A-Z New/Part 5 - Association Rule Learning/Section 28 - Apriori/Apriori_R/Market_Basket_Optimisation.csv' -> '/Volumes/128 GB SD/StudyStorage-SD/Machine_Learning/Machine Learning A-Z New/Part 5 - Association Rule Learning/Section 28 - Apriori/Apriori_R/Market_Basket_Optimisation.csv' (302908)
2019-05-01 18:30:19: Copy New '/Users/markloessi/Machine_Learning/Machine Learning A-Z New/Part 5 - Association Rule Learning/Section 29 - Eclat/eclat.R' -> '/Volumes/128 GB SD/StudyStorage-SD/Machine_Learning/Machine Learning A-Z New/Part 5 - Association Rule Learning/Section 29 - Eclat/eclat.R' (457)
2019-05-01 18:30:19: Copy New '/Users/markloessi/Machine_Learning/Machine Learning A-Z New/Part 5 - Association Rule Learning/Section 29 - Eclat/Market_Basket_Optimisation.csv' -> '/Volumes/128 GB SD/StudyStorage-SD/Machine_Learning/Machine Learning A-Z New/Part 5 - Association Rule Learning/Section 29 - Eclat/Market_Basket_Optimisation.csv' (302908)
2019-05-01 18:30:19: Copy New '/Users/markloessi/Machine_Learning/Machine Learning A-Z New/Part 6 - Reinforcement Learning/Section 32 - Upper Confidence Bound (UCB)/Ads_CTR_Optimisation.csv' -> '/Volumes/128 GB SD/StudyStorage-SD/Machine_Learning/Machine Learning A-Z New/Part 6 - Reinforcement Learning/Section 32 - Upper Confidence Bound (UCB)/Ads_CTR_Optimisation.csv' (210050)
2019-05-01 18:30:19: Copy New '/Users/markloessi/Machine_Learning/Machine Learning A-Z New/Part 6 - Reinforcement Learning/Section 32 - Upper Confidence Bound (UCB)/random_selection.py' -> '/Volumes/128 GB SD/StudyStorage-SD/Machine_Learning/Machine Learning A-Z New/Part 6 - Reinforcement Learning/Section 32 - Upper Confidence Bound (UCB)/random_selection.py' (616)
2019-05-01 18:30:19: Copy New '/Users/markloessi/Machine_Learning/Machine Learning A-Z New/Part 6 - Reinforcement Learning/Section 32 - Upper Confidence Bound (UCB)/random_selection.R' -> '/Volumes/128 GB SD/StudyStorage-SD/Machine_Learning/Machine Learning A-Z New/Part 6 - Reinforcement Learning/Section 32 - Upper Confidence Bound (UCB)/random_selection.R' (511)
2019-05-01 18:30:19: Copy New '/Users/markloessi/Machine_Learning/Machine Learning A-Z New/Part 6 - Reinforcement Learning/Section 32 - Upper Confidence Bound (UCB)/UCB_Algorithm_Slide.png' -> '/Volumes/128 GB SD/StudyStorage-SD/Machine_Learning/Machine Learning A-Z New/Part 6 - Reinforcement Learning/Section 32 - Upper Confidence Bound (UCB)/UCB_Algorithm_Slide.png' (1278276)
2019-05-01 18:30:19: Copy New '/Users/markloessi/Machine_Learning/Machine Learning A-Z New/Part 6 - Reinforcement Learning/Section 32 - Upper Confidence Bound (UCB)/upper_confidence_bound.py' -> '/Volumes/128 GB SD/StudyStorage-SD/Machine_Learning/Machine Learning A-Z New/Part 6 - Reinforcement Learning/Section 32 - Upper Confidence Bound (UCB)/upper_confidence_bound.py' (1214)
2019-05-01 18:30:19: Copy New '/Users/markloessi/Machine_Learning/Machine Learning A-Z New/Part 6 - Reinforcement Learning/Section 32 - Upper Confidence Bound (UCB)/upper_confidence_bound.R' -> '/Volumes/128 GB SD/StudyStorage-SD/Machine_Learning/Machine Learning A-Z New/Part 6 - Reinforcement Learning/Section 32 - Upper Confidence Bound (UCB)/upper_confidence_bound.R' (1071)
2019-05-01 18:30:19: Copy New '/Users/markloessi/Machine_Learning/Machine Learning A-Z New/Part 6 - Reinforcement Learning/Section 33 - Thompson Sampling/Ads_CTR_Optimisation.csv' -> '/Volumes/128 GB SD/StudyStorage-SD/Machine_Learning/Machine Learning A-Z New/Part 6 - Reinforcement Learning/Section 33 - Thompson Sampling/Ads_CTR_Optimisation.csv' (210050)
2019-05-01 18:30:19: Copy New '/Users/markloessi/Machine_Learning/Machine Learning A-Z New/Part 6 - Reinforcement Learning/Section 33 - Thompson Sampling/random_selection.py' -> '/Volumes/128 GB SD/StudyStorage-SD/Machine_Learning/Machine Learning A-Z New/Part 6 - Reinforcement Learning/Section 33 - Thompson Sampling/random_selection.py' (616)
2019-05-01 18:30:19: Copy New '/Users/markloessi/Machine_Learning/Machine Learning A-Z New/Part 6 - Reinforcement Learning/Section 33 - Thompson Sampling/random_selection.R' -> '/Volumes/128 GB SD/StudyStorage-SD/Machine_Learning/Machine Learning A-Z New/Part 6 - Reinforcement Learning/Section 33 - Thompson Sampling/random_selection.R' (511)
2019-05-01 18:30:19: Copy New '/Users/markloessi/Machine_Learning/Machine Learning A-Z New/Part 6 - Reinforcement Learning/Section 33 - Thompson Sampling/thompson_sampling.py' -> '/Volumes/128 GB SD/StudyStorage-SD/Machine_Learning/Machine Learning A-Z New/Part 6 - Reinforcement Learning/Section 33 - Thompson Sampling/thompson_sampling.py' (1069)
2019-05-01 18:30:19: Copy New '/Users/markloessi/Machine_Learning/Machine Learning A-Z New/Part 6 - Reinforcement Learning/Section 33 - Thompson Sampling/thompson_sampling.R' -> '/Volumes/128 GB SD/StudyStorage-SD/Machine_Learning/Machine Learning A-Z New/Part 6 - Reinforcement Learning/Section 33 - Thompson Sampling/thompson_sampling.R' (1004)
2019-05-01 18:30:19: Copy New '/Users/markloessi/Machine_Learning/Machine Learning A-Z New/Part 6 - Reinforcement Learning/Section 33 - Thompson Sampling/Thompson_Sampling_Slide.png' -> '/Volumes/128 GB SD/StudyStorage-SD/Machine_Learning/Machine Learning A-Z New/Part 6 - Reinforcement Learning/Section 33 - Thompson Sampling/Thompson_Sampling_Slide.png' (1238952)
2019-05-01 18:30:19: Copy New '/Users/markloessi/Machine_Learning/Machine Learning A-Z New/Part 7 - Natural Language Processing/Section 36 - Natural Language Processing/natural_language_processing.py' -> '/Volumes/128 GB SD/StudyStorage-SD/Machine_Learning/Machine Learning A-Z New/Part 7 - Natural Language Processing/Section 36 - Natural Language Processing/natural_language_processing.py' (1451)
2019-05-01 18:30:19: Copy New '/Users/markloessi/Machine_Learning/Machine Learning A-Z New/Part 7 - Natural Language Processing/Section 36 - Natural Language Processing/natural_language_processing.R' -> '/Volumes/128 GB SD/StudyStorage-SD/Machine_Learning/Machine Learning A-Z New/Part 7 - Natural Language Processing/Section 36 - Natural Language Processing/natural_language_processing.R' (1628)
2019-05-01 18:30:19: Copy New '/Users/markloessi/Machine_Learning/Machine Learning A-Z New/Part 7 - Natural Language Processing/Section 36 - Natural Language Processing/Restaurant_Reviews.tsv' -> '/Volumes/128 GB SD/StudyStorage-SD/Machine_Learning/Machine Learning A-Z New/Part 7 - Natural Language Processing/Section 36 - Natural Language Processing/Restaurant_Reviews.tsv' (61332)
2019-05-01 18:30:19: Copy New '/Users/markloessi/Machine_Learning/Machine Learning A-Z New/Part 8 - Deep Learning/Section 39 - Artificial Neural Networks (ANN)/ann.py' -> '/Volumes/128 GB SD/StudyStorage-SD/Machine_Learning/Machine Learning A-Z New/Part 8 - Deep Learning/Section 39 - Artificial Neural Networks (ANN)/ann.py' (2255)
2019-05-01 18:30:19: Copy New '/Users/markloessi/Machine_Learning/Machine Learning A-Z New/Part 8 - Deep Learning/Section 39 - Artificial Neural Networks (ANN)/ann.R' -> '/Volumes/128 GB SD/StudyStorage-SD/Machine_Learning/Machine Learning A-Z New/Part 8 - Deep Learning/Section 39 - Artificial Neural Networks (ANN)/ann.R' (1523)
2019-05-01 18:30:19: Copy New '/Users/markloessi/Machine_Learning/Machine Learning A-Z New/Part 8 - Deep Learning/Section 39 - Artificial Neural Networks (ANN)/Churn_Modelling.csv' -> '/Volumes/128 GB SD/StudyStorage-SD/Machine_Learning/Machine Learning A-Z New/Part 8 - Deep Learning/Section 39 - Artificial Neural Networks (ANN)/Churn_Modelling.csv' (684858)
2019-05-01 18:30:19: Copy New '/Users/markloessi/Machine_Learning/Machine Learning A-Z New/Part 8 - Deep Learning/Section 39 - Artificial Neural Networks (ANN)/Stochastic_Gradient_Descent.png' -> '/Volumes/128 GB SD/StudyStorage-SD/Machine_Learning/Machine Learning A-Z New/Part 8 - Deep Learning/Section 39 - Artificial Neural Networks (ANN)/Stochastic_Gradient_Descent.png' (1448453)
2019-05-01 18:30:19: Copy New '/Users/markloessi/Machine_Learning/Machine Learning A-Z New/Part 8 - Deep Learning/Section 40 - Convolutional Neural Networks (CNN)/cnn.py' -> '/Volumes/128 GB SD/StudyStorage-SD/Machine_Learning/Machine Learning A-Z New/Part 8 - Deep Learning/Section 40 - Convolutional Neural Networks (CNN)/cnn.py' (2237)
2019-05-01 18:30:19: Copy New '/Users/markloessi/Machine_Learning/Machine Learning A-Z New/Part 9 - Dimensionality Reduction/Section 43 - Principal Component Analysis (PCA)/pca.py' -> '/Volumes/128 GB SD/StudyStorage-SD/Machine_Learning/Machine Learning A-Z New/Part 9 - Dimensionality Reduction/Section 43 - Principal Component Analysis (PCA)/pca.py' (2840)
2019-05-01 18:30:19: Copy New '/Users/markloessi/Machine_Learning/Machine Learning A-Z New/Part 9 - Dimensionality Reduction/Section 43 - Principal Component Analysis (PCA)/pca.R' -> '/Volumes/128 GB SD/StudyStorage-SD/Machine_Learning/Machine Learning A-Z New/Part 9 - Dimensionality Reduction/Section 43 - Principal Component Analysis (PCA)/pca.R' (2609)
2019-05-01 18:30:19: Copy New '/Users/markloessi/Machine_Learning/Machine Learning A-Z New/Part 9 - Dimensionality Reduction/Section 43 - Principal Component Analysis (PCA)/Wine.csv' -> '/Volumes/128 GB SD/StudyStorage-SD/Machine_Learning/Machine Learning A-Z New/Part 9 - Dimensionality Reduction/Section 43 - Principal Component Analysis (PCA)/Wine.csv' (11462)
2019-05-01 18:30:19: Copy New '/Users/markloessi/Machine_Learning/Machine Learning A-Z New/Part 9 - Dimensionality Reduction/Section 44 - Linear Discriminant Analysis (LDA)/lda.py' -> '/Volumes/128 GB SD/StudyStorage-SD/Machine_Learning/Machine Learning A-Z New/Part 9 - Dimensionality Reduction/Section 44 - Linear Discriminant Analysis (LDA)/lda.py' (2836)
2019-05-01 18:30:19: Copy New '/Users/markloessi/Machine_Learning/Machine Learning A-Z New/Part 9 - Dimensionality Reduction/Section 44 - Linear Discriminant Analysis (LDA)/lda.R' -> '/Volumes/128 GB SD/StudyStorage-SD/Machine_Learning/Machine Learning A-Z New/Part 9 - Dimensionality Reduction/Section 44 - Linear Discriminant Analysis (LDA)/lda.R' (2558)
2019-05-01 18:30:19: Copy New '/Users/markloessi/Machine_Learning/Machine Learning A-Z New/Part 9 - Dimensionality Reduction/Section 44 - Linear Discriminant Analysis (LDA)/Wine.csv' -> '/Volumes/128 GB SD/StudyStorage-SD/Machine_Learning/Machine Learning A-Z New/Part 9 - Dimensionality Reduction/Section 44 - Linear Discriminant Analysis (LDA)/Wine.csv' (11462)
2019-05-01 18:30:19: Copy New '/Users/markloessi/Machine_Learning/Machine Learning A-Z New/Part 9 - Dimensionality Reduction/Section 45 - Kernel PCA/kernel_pca.py' -> '/Volumes/128 GB SD/StudyStorage-SD/Machine_Learning/Machine Learning A-Z New/Part 9 - Dimensionality Reduction/Section 45 - Kernel PCA/kernel_pca.py' (2844)
2019-05-01 18:30:19: Copy New '/Users/markloessi/Machine_Learning/Machine Learning A-Z New/Part 9 - Dimensionality Reduction/Section 45 - Kernel PCA/kernel_pca.R' -> '/Volumes/128 GB SD/StudyStorage-SD/Machine_Learning/Machine Learning A-Z New/Part 9 - Dimensionality Reduction/Section 45 - Kernel PCA/kernel_pca.R' (2795)
2019-05-01 18:30:19: Copy New '/Users/markloessi/Machine_Learning/Machine Learning A-Z New/Part 9 - Dimensionality Reduction/Section 45 - Kernel PCA/Social_Network_Ads.csv' -> '/Volumes/128 GB SD/StudyStorage-SD/Machine_Learning/Machine Learning A-Z New/Part 9 - Dimensionality Reduction/Section 45 - Kernel PCA/Social_Network_Ads.csv' (10930)
2019-05-01 18:30:19: Copy New '/Users/markloessi/Machine_Learning/Machine-Learning-A-Z-Q-A.pdf' -> '/Volumes/128 GB SD/StudyStorage-SD/Machine_Learning/Machine-Learning-A-Z-Q-A.pdf' (2367210)
2019-05-01 18:30:19: Copy New '/Users/markloessi/Machine_Learning/Machine_Learning_hugeDataset alias' -> '/Volumes/128 GB SD/StudyStorage-SD/Machine_Learning/Machine_Learning_hugeDataset alias' (824)
2019-05-01 18:30:19: Copy New '/Users/markloessi/Machine_Learning/MachineLearningA-Z_notes.rtf' -> '/Volumes/128 GB SD/StudyStorage-SD/Machine_Learning/MachineLearningA-Z_notes.rtf' (5396)
2019-05-01 18:30:19: Copy New '/Users/markloessi/Machine_Learning/Part Two - Regression What are we doing here.rtf' -> '/Volumes/128 GB SD/StudyStorage-SD/Machine_Learning/Part Two - Regression What are we doing here.rtf' (2131)
2019-05-01 18:30:19: Copy New '/Users/markloessi/Machine_Learning/README.md' -> '/Volumes/128 GB SD/StudyStorage-SD/Machine_Learning/README.md' (89)
2019-05-01 18:30:19: Copy New '/Users/markloessi/Machine_Learning/SpyderHowToo.png' -> '/Volumes/128 GB SD/StudyStorage-SD/Machine_Learning/SpyderHowToo.png' (524338)
2019-05-01 18:30:19: == Sync Complete. Time: 00:00:04, Speed: 3.2 MB/s, OK: 231, Errors: 0
2019-05-01 18:30:19: 
