2019-05-25 16:26:19: -- Analysis Started by User Command
2019-05-25 16:26:19: Name 'Regression-Models-Choices | Udemy Lecture 83.webloc' in path '' contains illegal characters, using name 'Regression-Models-Choices _ Udemy Lecture 83.webloc' instead
2019-05-25 16:26:19: Name 'p-value, How to calculate? - wikiHow.webloc' in path '/Machine Learning A-Z New' contains illegal characters, using name 'p-value, How to calculate_ - wikiHow.webloc' instead
2019-05-25 16:26:19: Name 'p-value, What is it? - MathBootCamps.webloc' in path '/Machine Learning A-Z New' contains illegal characters, using name 'p-value, What is it_ - MathBootCamps.webloc' instead
2019-05-25 16:26:19: Name 'Logistic Regression Intuition | Udemy Lecture 85.webloc' in path '/Machine Learning A-Z New/Part 3 - Classification/Section 14 - Logistic Regression' contains illegal characters, using name 'Logistic Regression Intuition _ Udemy Lecture 85.webloc' instead
2019-05-25 16:26:19: Name 'K-Nearest Neighbors Intuition | Udemy Lecture 99.webloc' in path '/Machine Learning A-Z New/Part 3 - Classification/Section 15 - K-Nearest Neighbors (K-NN)' contains illegal characters, using name 'K-Nearest Neighbors Intuition _ Udemy Lecture 99.webloc' instead
2019-05-25 16:26:19: Changes: 148, Conflicts: 0, CopyTime: 0, FixState: 0, Errors: 0, All: 623
2019-05-25 16:26:19: Left to Right: Copy File: 148 
2019-05-25 16:26:19: -- Analysis Complete. Time 00:00:00, Speed: Many files/s
2019-05-25 16:26:19: 
2019-05-25 16:26:22: == Sync Started by User Command
2019-05-25 16:26:22: Create Folder '/Volumes/128 GB SD/StudyStorage-SD/Machine_Learning/Machine Learning A-Z New/Part 3 - Classification/Section 16 - Support Vector Machine (SVM)/rsconnect'
2019-05-25 16:26:22: Create Folder '/Volumes/128 GB SD/StudyStorage-SD/Machine_Learning/Machine Learning A-Z New/Part 3 - Classification/Section 16 - Support Vector Machine (SVM)/rsconnect/documents'
2019-05-25 16:26:22: Create Folder '/Volumes/128 GB SD/StudyStorage-SD/Machine_Learning/Machine Learning A-Z New/Part 3 - Classification/Section 16 - Support Vector Machine (SVM)/rsconnect/documents/SVM_MSL_Rmd.Rmd'
2019-05-25 16:26:22: Create Folder '/Volumes/128 GB SD/StudyStorage-SD/Machine_Learning/Machine Learning A-Z New/Part 3 - Classification/Section 16 - Support Vector Machine (SVM)/rsconnect/documents/SVM_MSL_Rmd.Rmd/rpubs.com'
2019-05-25 16:26:22: Create Folder '/Volumes/128 GB SD/StudyStorage-SD/Machine_Learning/Machine Learning A-Z New/Part 3 - Classification/Section 16 - Support Vector Machine (SVM)/rsconnect/documents/SVM_MSL_Rmd.Rmd/rpubs.com/rpubs'
2019-05-25 16:26:22: Create Folder '/Volumes/128 GB SD/StudyStorage-SD/Machine_Learning/Machine Learning A-Z New/Part 3 - Classification/Section 16 - Support Vector Machine (SVM)/SVM_MSL_Rmd_files'
2019-05-25 16:26:22: Create Folder '/Volumes/128 GB SD/StudyStorage-SD/Machine_Learning/Machine Learning A-Z New/Part 3 - Classification/Section 17 - Kernel SVM/kernel_svm_MSL_files'
2019-05-25 16:26:22: Create Folder '/Volumes/128 GB SD/StudyStorage-SD/Machine_Learning/Machine Learning A-Z New/Part 3 - Classification/Section 17 - Kernel SVM/rsconnect'
2019-05-25 16:26:22: Create Folder '/Volumes/128 GB SD/StudyStorage-SD/Machine_Learning/Machine Learning A-Z New/Part 3 - Classification/Section 17 - Kernel SVM/rsconnect/documents'
2019-05-25 16:26:22: Create Folder '/Volumes/128 GB SD/StudyStorage-SD/Machine_Learning/Machine Learning A-Z New/Part 3 - Classification/Section 17 - Kernel SVM/rsconnect/documents/kernel_svm_MSL.Rmd'
2019-05-25 16:26:22: Create Folder '/Volumes/128 GB SD/StudyStorage-SD/Machine_Learning/Machine Learning A-Z New/Part 3 - Classification/Section 17 - Kernel SVM/rsconnect/documents/kernel_svm_MSL.Rmd/rpubs.com'
2019-05-25 16:26:22: Create Folder '/Volumes/128 GB SD/StudyStorage-SD/Machine_Learning/Machine Learning A-Z New/Part 3 - Classification/Section 17 - Kernel SVM/rsconnect/documents/kernel_svm_MSL.Rmd/rpubs.com/rpubs'
2019-05-25 16:26:22: Create Folder '/Volumes/128 GB SD/StudyStorage-SD/Machine_Learning/Machine Learning A-Z New/Part 3 - Classification/Section 18 - Naive Bayes/naive_bayes_MSL_files'
2019-05-25 16:26:22: Create Folder '/Volumes/128 GB SD/StudyStorage-SD/Machine_Learning/Machine Learning A-Z New/Part 3 - Classification/Section 18 - Naive Bayes/rsconnect'
2019-05-25 16:26:22: Create Folder '/Volumes/128 GB SD/StudyStorage-SD/Machine_Learning/Machine Learning A-Z New/Part 3 - Classification/Section 18 - Naive Bayes/rsconnect/documents'
2019-05-25 16:26:22: Create Folder '/Volumes/128 GB SD/StudyStorage-SD/Machine_Learning/Machine Learning A-Z New/Part 3 - Classification/Section 18 - Naive Bayes/rsconnect/documents/naive_bayes_MSL.Rmd'
2019-05-25 16:26:22: Create Folder '/Volumes/128 GB SD/StudyStorage-SD/Machine_Learning/Machine Learning A-Z New/Part 3 - Classification/Section 18 - Naive Bayes/rsconnect/documents/naive_bayes_MSL.Rmd/rpubs.com'
2019-05-25 16:26:22: Create Folder '/Volumes/128 GB SD/StudyStorage-SD/Machine_Learning/Machine Learning A-Z New/Part 3 - Classification/Section 18 - Naive Bayes/rsconnect/documents/naive_bayes_MSL.Rmd/rpubs.com/rpubs'
2019-05-25 16:26:22: Create Folder '/Volumes/128 GB SD/StudyStorage-SD/Machine_Learning/Machine Learning A-Z New/Part 3 - Classification/Section 19 - Decision Tree Classification/decision_tree_classification_MSL_files'
2019-05-25 16:26:22: Create Folder '/Volumes/128 GB SD/StudyStorage-SD/Machine_Learning/Machine Learning A-Z New/Part 3 - Classification/Section 19 - Decision Tree Classification/rsconnect'
2019-05-25 16:26:22: Create Folder '/Volumes/128 GB SD/StudyStorage-SD/Machine_Learning/Machine Learning A-Z New/Part 3 - Classification/Section 19 - Decision Tree Classification/rsconnect/documents'
2019-05-25 16:26:22: Create Folder '/Volumes/128 GB SD/StudyStorage-SD/Machine_Learning/Machine Learning A-Z New/Part 3 - Classification/Section 19 - Decision Tree Classification/rsconnect/documents/decision_tree_classification_MSL.Rmd'
2019-05-25 16:26:23: Create Folder '/Volumes/128 GB SD/StudyStorage-SD/Machine_Learning/Machine Learning A-Z New/Part 3 - Classification/Section 19 - Decision Tree Classification/rsconnect/documents/decision_tree_classification_MSL.Rmd/rpubs.com'
2019-05-25 16:26:23: Create Folder '/Volumes/128 GB SD/StudyStorage-SD/Machine_Learning/Machine Learning A-Z New/Part 3 - Classification/Section 19 - Decision Tree Classification/rsconnect/documents/decision_tree_classification_MSL.Rmd/rpubs.com/rpubs'
2019-05-25 16:26:23: Create Folder '/Volumes/128 GB SD/StudyStorage-SD/Machine_Learning/Machine Learning A-Z New/Part 3 - Classification/Section 20 - Random Forest Classification/random_forest_classification_MSL_files'
2019-05-25 16:26:23: Create Folder '/Volumes/128 GB SD/StudyStorage-SD/Machine_Learning/Machine Learning A-Z New/Part 3 - Classification/Section 20 - Random Forest Classification/rsconnect'
2019-05-25 16:26:23: Create Folder '/Volumes/128 GB SD/StudyStorage-SD/Machine_Learning/Machine Learning A-Z New/Part 3 - Classification/Section 20 - Random Forest Classification/rsconnect/documents'
2019-05-25 16:26:23: Create Folder '/Volumes/128 GB SD/StudyStorage-SD/Machine_Learning/Machine Learning A-Z New/Part 3 - Classification/Section 20 - Random Forest Classification/rsconnect/documents/random_forest_classification_MSL.Rmd'
2019-05-25 16:26:23: Create Folder '/Volumes/128 GB SD/StudyStorage-SD/Machine_Learning/Machine Learning A-Z New/Part 3 - Classification/Section 20 - Random Forest Classification/rsconnect/documents/random_forest_classification_MSL.Rmd/rpubs.com'
2019-05-25 16:26:23: Create Folder '/Volumes/128 GB SD/StudyStorage-SD/Machine_Learning/Machine Learning A-Z New/Part 3 - Classification/Section 20 - Random Forest Classification/rsconnect/documents/random_forest_classification_MSL.Rmd/rpubs.com/rpubs'
2019-05-25 16:26:23: Create Folder '/Volumes/128 GB SD/StudyStorage-SD/Machine_Learning/Machine Learning A-Z New/Part 4 - Clustering/Section 24 - K-Means Clustering/kmeans_MSL_files'
2019-05-25 16:26:23: Create Folder '/Volumes/128 GB SD/StudyStorage-SD/Machine_Learning/Machine Learning A-Z New/Part 4 - Clustering/Section 24 - K-Means Clustering/rsconnect'
2019-05-25 16:26:23: Create Folder '/Volumes/128 GB SD/StudyStorage-SD/Machine_Learning/Machine Learning A-Z New/Part 4 - Clustering/Section 24 - K-Means Clustering/rsconnect/documents'
2019-05-25 16:26:23: Create Folder '/Volumes/128 GB SD/StudyStorage-SD/Machine_Learning/Machine Learning A-Z New/Part 4 - Clustering/Section 24 - K-Means Clustering/rsconnect/documents/kmeans_MSL.Rmd'
2019-05-25 16:26:23: Create Folder '/Volumes/128 GB SD/StudyStorage-SD/Machine_Learning/Machine Learning A-Z New/Part 4 - Clustering/Section 24 - K-Means Clustering/rsconnect/documents/kmeans_MSL.Rmd/rpubs.com'
2019-05-25 16:26:23: Create Folder '/Volumes/128 GB SD/StudyStorage-SD/Machine_Learning/Machine Learning A-Z New/Part 4 - Clustering/Section 24 - K-Means Clustering/rsconnect/documents/kmeans_MSL.Rmd/rpubs.com/rpubs'
2019-05-25 16:26:23: Create Folder '/Volumes/128 GB SD/StudyStorage-SD/Machine_Learning/Machine Learning A-Z New/Part 4 - Clustering/Section 25 - Hierarchical Clustering/hierachical_clustering_MSL_files'
2019-05-25 16:26:23: Create Folder '/Volumes/128 GB SD/StudyStorage-SD/Machine_Learning/Machine Learning A-Z New/Part 4 - Clustering/Section 25 - Hierarchical Clustering/rsconnect'
2019-05-25 16:26:23: Create Folder '/Volumes/128 GB SD/StudyStorage-SD/Machine_Learning/Machine Learning A-Z New/Part 4 - Clustering/Section 25 - Hierarchical Clustering/rsconnect/documents'
2019-05-25 16:26:23: Create Folder '/Volumes/128 GB SD/StudyStorage-SD/Machine_Learning/Machine Learning A-Z New/Part 4 - Clustering/Section 25 - Hierarchical Clustering/rsconnect/documents/hierachical_clustering_MSL.Rmd'
2019-05-25 16:26:23: Create Folder '/Volumes/128 GB SD/StudyStorage-SD/Machine_Learning/Machine Learning A-Z New/Part 4 - Clustering/Section 25 - Hierarchical Clustering/rsconnect/documents/hierachical_clustering_MSL.Rmd/rpubs.com'
2019-05-25 16:26:23: Create Folder '/Volumes/128 GB SD/StudyStorage-SD/Machine_Learning/Machine Learning A-Z New/Part 4 - Clustering/Section 25 - Hierarchical Clustering/rsconnect/documents/hierachical_clustering_MSL.Rmd/rpubs.com/rpubs'
2019-05-25 16:26:23: Create Folder '/Volumes/128 GB SD/StudyStorage-SD/Machine_Learning/rsconnect'
2019-05-25 16:26:24: Create Folder '/Volumes/128 GB SD/StudyStorage-SD/Machine_Learning/rsconnect/documents'
2019-05-25 16:26:24: Create Folder '/Volumes/128 GB SD/StudyStorage-SD/Machine_Learning/rsconnect/documents/RMD_Cheat_Sheet.Rmd'
2019-05-25 16:26:24: Create Folder '/Volumes/128 GB SD/StudyStorage-SD/Machine_Learning/rsconnect/documents/RMD_Cheat_Sheet.Rmd/rpubs.com'
2019-05-25 16:26:24: Create Folder '/Volumes/128 GB SD/StudyStorage-SD/Machine_Learning/rsconnect/documents/RMD_Cheat_Sheet.Rmd/rpubs.com/rpubs'
2019-05-25 16:26:24: Copy New '/Users/markloessi/Machine_Learning/Accuracy_Paradox.png' -> '/Volumes/128 GB SD/StudyStorage-SD/Machine_Learning/Accuracy_Paradox.png' (181980)
2019-05-25 16:26:24: Copy New '/Users/markloessi/Machine_Learning/CAP_Analysis_ROT.png' -> '/Volumes/128 GB SD/StudyStorage-SD/Machine_Learning/CAP_Analysis_ROT.png' (289110)
2019-05-25 16:26:24: Copy New '/Users/markloessi/Machine_Learning/Confusion_Matrix_Explained.png' -> '/Volumes/128 GB SD/StudyStorage-SD/Machine_Learning/Confusion_Matrix_Explained.png' (174902)
2019-05-25 16:26:24: Copy New '/Users/markloessi/Machine_Learning/DecisionTree_Visualization.py' -> '/Volumes/128 GB SD/StudyStorage-SD/Machine_Learning/DecisionTree_Visualization.py' (1109)
2019-05-25 16:26:24: Copy New '/Users/markloessi/Machine_Learning/Machine Learning A-Z New/Part 3 - Classification/Classification-Pros-Cons.pdf.webloc' -> '/Volumes/128 GB SD/StudyStorage-SD/Machine_Learning/Machine Learning A-Z New/Part 3 - Classification/Classification-Pros-Cons.pdf.webloc' (319)
2019-05-25 16:26:24: Copy New '/Users/markloessi/Machine_Learning/Machine Learning A-Z New/Part 3 - Classification/Classification_ChosingImprovingModelSelection.webloc' -> '/Volumes/128 GB SD/StudyStorage-SD/Machine_Learning/Machine Learning A-Z New/Part 3 - Classification/Classification_ChosingImprovingModelSelection.webloc' (130)
2019-05-25 16:26:24: Copy New '/Users/markloessi/Machine_Learning/Machine Learning A-Z New/Part 3 - Classification/decision_tree_vis.pdf' -> '/Volumes/128 GB SD/StudyStorage-SD/Machine_Learning/Machine Learning A-Z New/Part 3 - Classification/decision_tree_vis.pdf' (23295)
2019-05-25 16:26:24: Copy New '/Users/markloessi/Machine_Learning/Machine Learning A-Z New/Part 3 - Classification/decision_tree_vis.png' -> '/Volumes/128 GB SD/StudyStorage-SD/Machine_Learning/Machine Learning A-Z New/Part 3 - Classification/decision_tree_vis.png' (137553)
2019-05-25 16:26:24: Copy New '/Users/markloessi/Machine_Learning/Machine Learning A-Z New/Part 3 - Classification/P14-Classification-Pros-Cons.pdf' -> '/Volumes/128 GB SD/StudyStorage-SD/Machine_Learning/Machine Learning A-Z New/Part 3 - Classification/P14-Classification-Pros-Cons.pdf' (29953)
2019-05-25 16:26:24: Copy Over '/Users/markloessi/Machine_Learning/Machine Learning A-Z New/Part 3 - Classification/Section 15 - K-Nearest Neighbors (K-NN)/knn_MSL.py' -> '/Volumes/128 GB SD/StudyStorage-SD/Machine_Learning/Machine Learning A-Z New/Part 3 - Classification/Section 15 - K-Nearest Neighbors (K-NN)/knn_MSL.py' (8121)
2019-05-25 16:26:24: Copy Over '/Users/markloessi/Machine_Learning/Machine Learning A-Z New/Part 3 - Classification/Section 15 - K-Nearest Neighbors (K-NN)/knn_MSL.R' -> '/Volumes/128 GB SD/StudyStorage-SD/Machine_Learning/Machine Learning A-Z New/Part 3 - Classification/Section 15 - K-Nearest Neighbors (K-NN)/knn_MSL.R' (7327)
2019-05-25 16:26:24: Copy New '/Users/markloessi/Machine_Learning/Machine Learning A-Z New/Part 3 - Classification/Section 16 - Support Vector Machine (SVM)/rsconnect/documents/SVM_MSL_Rmd.Rmd/rpubs.com/rpubs/Document.dcf' -> '/Volumes/128 GB SD/StudyStorage-SD/Machine_Learning/Machine Learning A-Z New/Part 3 - Classification/Section 16 - Support Vector Machine (SVM)/rsconnect/documents/SVM_MSL_Rmd.Rmd/rpubs.com/rpubs/Document.dcf' (356)
2019-05-25 16:26:24: Copy New '/Users/markloessi/Machine_Learning/Machine Learning A-Z New/Part 3 - Classification/Section 16 - Support Vector Machine (SVM)/rsconnect/documents/SVM_MSL_Rmd.Rmd/rpubs.com/rpubs/Publish Document.dcf' -> '/Volumes/128 GB SD/StudyStorage-SD/Machine_Learning/Machine Learning A-Z New/Part 3 - Classification/Section 16 - Support Vector Machine (SVM)/rsconnect/documents/SVM_MSL_Rmd.Rmd/rpubs.com/rpubs/Publish Document.dcf' (327)
2019-05-25 16:26:24: Copy New '/Users/markloessi/Machine_Learning/Machine Learning A-Z New/Part 3 - Classification/Section 16 - Support Vector Machine (SVM)/SupportVectorMachine_Graph.png' -> '/Volumes/128 GB SD/StudyStorage-SD/Machine_Learning/Machine Learning A-Z New/Part 3 - Classification/Section 16 - Support Vector Machine (SVM)/SupportVectorMachine_Graph.png' (203062)
2019-05-25 16:26:24: Copy New '/Users/markloessi/Machine_Learning/Machine Learning A-Z New/Part 3 - Classification/Section 16 - Support Vector Machine (SVM)/svm_MSL.py' -> '/Volumes/128 GB SD/StudyStorage-SD/Machine_Learning/Machine Learning A-Z New/Part 3 - Classification/Section 16 - Support Vector Machine (SVM)/svm_MSL.py' (8791)
2019-05-25 16:26:24: Copy New '/Users/markloessi/Machine_Learning/Machine Learning A-Z New/Part 3 - Classification/Section 16 - Support Vector Machine (SVM)/svm_MSL.R' -> '/Volumes/128 GB SD/StudyStorage-SD/Machine_Learning/Machine Learning A-Z New/Part 3 - Classification/Section 16 - Support Vector Machine (SVM)/svm_MSL.R' (2517)
2019-05-25 16:26:24: Copy New '/Users/markloessi/Machine_Learning/Machine Learning A-Z New/Part 3 - Classification/Section 16 - Support Vector Machine (SVM)/SVM_MSL_Rmd.html' -> '/Volumes/128 GB SD/StudyStorage-SD/Machine_Learning/Machine Learning A-Z New/Part 3 - Classification/Section 16 - Support Vector Machine (SVM)/SVM_MSL_Rmd.html' (1362027)
2019-05-25 16:26:24: Copy New '/Users/markloessi/Machine_Learning/Machine Learning A-Z New/Part 3 - Classification/Section 16 - Support Vector Machine (SVM)/SVM_MSL_Rmd.Rmd' -> '/Volumes/128 GB SD/StudyStorage-SD/Machine_Learning/Machine Learning A-Z New/Part 3 - Classification/Section 16 - Support Vector Machine (SVM)/SVM_MSL_Rmd.Rmd' (4777)
2019-05-25 16:26:24: Copy New '/Users/markloessi/Machine_Learning/Machine Learning A-Z New/Part 3 - Classification/Section 16 - Support Vector Machine (SVM)/SVM_TestGraph_LinearKernel.png' -> '/Volumes/128 GB SD/StudyStorage-SD/Machine_Learning/Machine Learning A-Z New/Part 3 - Classification/Section 16 - Support Vector Machine (SVM)/SVM_TestGraph_LinearKernel.png' (31993)
2019-05-25 16:26:24: Copy New '/Users/markloessi/Machine_Learning/Machine Learning A-Z New/Part 3 - Classification/Section 16 - Support Vector Machine (SVM)/SVM_TestSigmoid_Graph.png' -> '/Volumes/128 GB SD/StudyStorage-SD/Machine_Learning/Machine Learning A-Z New/Part 3 - Classification/Section 16 - Support Vector Machine (SVM)/SVM_TestSigmoid_Graph.png' (27512)
2019-05-25 16:26:24: Copy New '/Users/markloessi/Machine_Learning/Machine Learning A-Z New/Part 3 - Classification/Section 16 - Support Vector Machine (SVM)/SVM_TrainingVis.png' -> '/Volumes/128 GB SD/StudyStorage-SD/Machine_Learning/Machine Learning A-Z New/Part 3 - Classification/Section 16 - Support Vector Machine (SVM)/SVM_TrainingVis.png' (33442)
2019-05-25 16:26:24: Copy New '/Users/markloessi/Machine_Learning/Machine Learning A-Z New/Part 3 - Classification/Section 16 - Support Vector Machine (SVM)/SVM_TrainSigmoid_Graph.png' -> '/Volumes/128 GB SD/StudyStorage-SD/Machine_Learning/Machine Learning A-Z New/Part 3 - Classification/Section 16 - Support Vector Machine (SVM)/SVM_TrainSigmoid_Graph.png' (36122)
2019-05-25 16:26:24: Copy New '/Users/markloessi/Machine_Learning/Machine Learning A-Z New/Part 3 - Classification/Section 17 - Kernel SVM/kernel_svm_MSL.html' -> '/Volumes/128 GB SD/StudyStorage-SD/Machine_Learning/Machine Learning A-Z New/Part 3 - Classification/Section 17 - Kernel SVM/kernel_svm_MSL.html' (1973352)
2019-05-25 16:26:24: Copy New '/Users/markloessi/Machine_Learning/Machine Learning A-Z New/Part 3 - Classification/Section 17 - Kernel SVM/kernel_svm_MSL.py' -> '/Volumes/128 GB SD/StudyStorage-SD/Machine_Learning/Machine Learning A-Z New/Part 3 - Classification/Section 17 - Kernel SVM/kernel_svm_MSL.py' (12047)
2019-05-25 16:26:24: Copy New '/Users/markloessi/Machine_Learning/Machine Learning A-Z New/Part 3 - Classification/Section 17 - Kernel SVM/kernel_svm_MSL.Rmd' -> '/Volumes/128 GB SD/StudyStorage-SD/Machine_Learning/Machine Learning A-Z New/Part 3 - Classification/Section 17 - Kernel SVM/kernel_svm_MSL.Rmd' (9348)
2019-05-25 16:26:24: Copy New '/Users/markloessi/Machine_Learning/Machine Learning A-Z New/Part 3 - Classification/Section 17 - Kernel SVM/rsconnect/documents/kernel_svm_MSL.Rmd/rpubs.com/rpubs/Document.dcf' -> '/Volumes/128 GB SD/StudyStorage-SD/Machine_Learning/Machine Learning A-Z New/Part 3 - Classification/Section 17 - Kernel SVM/rsconnect/documents/kernel_svm_MSL.Rmd/rpubs.com/rpubs/Document.dcf' (356)
2019-05-25 16:26:24: Copy New '/Users/markloessi/Machine_Learning/Machine Learning A-Z New/Part 3 - Classification/Section 17 - Kernel SVM/rsconnect/documents/kernel_svm_MSL.Rmd/rpubs.com/rpubs/Publish Document.dcf' -> '/Volumes/128 GB SD/StudyStorage-SD/Machine_Learning/Machine Learning A-Z New/Part 3 - Classification/Section 17 - Kernel SVM/rsconnect/documents/kernel_svm_MSL.Rmd/rpubs.com/rpubs/Publish Document.dcf' (327)
2019-05-25 16:26:24: Copy New '/Users/markloessi/Machine_Learning/Machine Learning A-Z New/Part 3 - Classification/Section 17 - Kernel SVM/SVM_LInerallySeparableData.png' -> '/Volumes/128 GB SD/StudyStorage-SD/Machine_Learning/Machine Learning A-Z New/Part 3 - Classification/Section 17 - Kernel SVM/SVM_LInerallySeparableData.png' (347467)
2019-05-25 16:26:24: Copy New '/Users/markloessi/Machine_Learning/Machine Learning A-Z New/Part 3 - Classification/Section 17 - Kernel SVM/SVM_MappingDimension.png' -> '/Volumes/128 GB SD/StudyStorage-SD/Machine_Learning/Machine Learning A-Z New/Part 3 - Classification/Section 17 - Kernel SVM/SVM_MappingDimension.png' (482227)
2019-05-25 16:26:24: Copy New '/Users/markloessi/Machine_Learning/Machine Learning A-Z New/Part 3 - Classification/Section 17 - Kernel SVM/SVM_Test_Linear.png' -> '/Volumes/128 GB SD/StudyStorage-SD/Machine_Learning/Machine Learning A-Z New/Part 3 - Classification/Section 17 - Kernel SVM/SVM_Test_Linear.png' (24911)
2019-05-25 16:26:24: Copy New '/Users/markloessi/Machine_Learning/Machine Learning A-Z New/Part 3 - Classification/Section 17 - Kernel SVM/SVM_Test_RBF.png' -> '/Volumes/128 GB SD/StudyStorage-SD/Machine_Learning/Machine Learning A-Z New/Part 3 - Classification/Section 17 - Kernel SVM/SVM_Test_RBF.png' (23818)
2019-05-25 16:26:24: Copy New '/Users/markloessi/Machine_Learning/Machine Learning A-Z New/Part 3 - Classification/Section 17 - Kernel SVM/SVM_Test_Sigmoid.png' -> '/Volumes/128 GB SD/StudyStorage-SD/Machine_Learning/Machine Learning A-Z New/Part 3 - Classification/Section 17 - Kernel SVM/SVM_Test_Sigmoid.png' (27512)
2019-05-25 16:26:24: Copy New '/Users/markloessi/Machine_Learning/Machine Learning A-Z New/Part 3 - Classification/Section 17 - Kernel SVM/SVM_Train_Linear.png' -> '/Volumes/128 GB SD/StudyStorage-SD/Machine_Learning/Machine Learning A-Z New/Part 3 - Classification/Section 17 - Kernel SVM/SVM_Train_Linear.png' (34187)
2019-05-25 16:26:24: Copy New '/Users/markloessi/Machine_Learning/Machine Learning A-Z New/Part 3 - Classification/Section 17 - Kernel SVM/SVM_Train_RBF.png' -> '/Volumes/128 GB SD/StudyStorage-SD/Machine_Learning/Machine Learning A-Z New/Part 3 - Classification/Section 17 - Kernel SVM/SVM_Train_RBF.png' (32218)
2019-05-25 16:26:24: Copy New '/Users/markloessi/Machine_Learning/Machine Learning A-Z New/Part 3 - Classification/Section 17 - Kernel SVM/SVM_Train_Sigmoid.png' -> '/Volumes/128 GB SD/StudyStorage-SD/Machine_Learning/Machine Learning A-Z New/Part 3 - Classification/Section 17 - Kernel SVM/SVM_Train_Sigmoid.png' (36122)
2019-05-25 16:26:24: Copy New '/Users/markloessi/Machine_Learning/Machine Learning A-Z New/Part 3 - Classification/Section 17 - Kernel SVM/SVM_TypesOfKernels.png' -> '/Volumes/128 GB SD/StudyStorage-SD/Machine_Learning/Machine Learning A-Z New/Part 3 - Classification/Section 17 - Kernel SVM/SVM_TypesOfKernels.png' (318661)
2019-05-25 16:26:24: Copy New '/Users/markloessi/Machine_Learning/Machine Learning A-Z New/Part 3 - Classification/Section 18 - Naive Bayes/BayesTherom__P(walks)ExplainedPriorProbability.png' -> '/Volumes/128 GB SD/StudyStorage-SD/Machine_Learning/Machine Learning A-Z New/Part 3 - Classification/Section 18 - Naive Bayes/BayesTherom__P(walks)ExplainedPriorProbability.png' (104374)
2019-05-25 16:26:24: Copy New '/Users/markloessi/Machine_Learning/Machine Learning A-Z New/Part 3 - Classification/Section 18 - Naive Bayes/BayesTherom_P(walks|X)ExplainedFormula.png' -> '/Volumes/128 GB SD/StudyStorage-SD/Machine_Learning/Machine Learning A-Z New/Part 3 - Classification/Section 18 - Naive Bayes/BayesTherom_P(walks_X)ExplainedFormula.png' (296420)
2019-05-25 16:26:24: Copy New '/Users/markloessi/Machine_Learning/Machine Learning A-Z New/Part 3 - Classification/Section 18 - Naive Bayes/BayesTherom_P(X)ExplainedMarginalLikelihood.png' -> '/Volumes/128 GB SD/StudyStorage-SD/Machine_Learning/Machine Learning A-Z New/Part 3 - Classification/Section 18 - Naive Bayes/BayesTherom_P(X)ExplainedMarginalLikelihood.png' (103087)
2019-05-25 16:26:24: Copy New '/Users/markloessi/Machine_Learning/Machine Learning A-Z New/Part 3 - Classification/Section 18 - Naive Bayes/BayesTherom_P(X|walks)ExplainedLikelihood.png' -> '/Volumes/128 GB SD/StudyStorage-SD/Machine_Learning/Machine Learning A-Z New/Part 3 - Classification/Section 18 - Naive Bayes/BayesTherom_P(X_walks)ExplainedLikelihood.png' (113789)
2019-05-25 16:26:24: Copy New '/Users/markloessi/Machine_Learning/Machine Learning A-Z New/Part 3 - Classification/Section 18 - Naive Bayes/BayesTheromFormula.png' -> '/Volumes/128 GB SD/StudyStorage-SD/Machine_Learning/Machine Learning A-Z New/Part 3 - Classification/Section 18 - Naive Bayes/BayesTheromFormula.png' (110482)
2019-05-25 16:26:25: Copy New '/Users/markloessi/Machine_Learning/Machine Learning A-Z New/Part 3 - Classification/Section 18 - Naive Bayes/naive_bayes_MSL.html' -> '/Volumes/128 GB SD/StudyStorage-SD/Machine_Learning/Machine Learning A-Z New/Part 3 - Classification/Section 18 - Naive Bayes/naive_bayes_MSL.html' (1472479)
2019-05-25 16:26:25: Copy New '/Users/markloessi/Machine_Learning/Machine Learning A-Z New/Part 3 - Classification/Section 18 - Naive Bayes/naive_bayes_MSL.py' -> '/Volumes/128 GB SD/StudyStorage-SD/Machine_Learning/Machine Learning A-Z New/Part 3 - Classification/Section 18 - Naive Bayes/naive_bayes_MSL.py' (7196)
2019-05-25 16:26:25: Copy New '/Users/markloessi/Machine_Learning/Machine Learning A-Z New/Part 3 - Classification/Section 18 - Naive Bayes/naive_bayes_MSL.Rmd' -> '/Volumes/128 GB SD/StudyStorage-SD/Machine_Learning/Machine Learning A-Z New/Part 3 - Classification/Section 18 - Naive Bayes/naive_bayes_MSL.Rmd' (5638)
2019-05-25 16:26:25: Copy New '/Users/markloessi/Machine_Learning/Machine Learning A-Z New/Part 3 - Classification/Section 18 - Naive Bayes/Naive_Bayes_Test.png' -> '/Volumes/128 GB SD/StudyStorage-SD/Machine_Learning/Machine Learning A-Z New/Part 3 - Classification/Section 18 - Naive Bayes/Naive_Bayes_Test.png' (24964)
2019-05-25 16:26:25: Copy New '/Users/markloessi/Machine_Learning/Machine Learning A-Z New/Part 3 - Classification/Section 18 - Naive Bayes/Naive_Bayes_Train.png' -> '/Volumes/128 GB SD/StudyStorage-SD/Machine_Learning/Machine Learning A-Z New/Part 3 - Classification/Section 18 - Naive Bayes/Naive_Bayes_Train.png' (33574)
2019-05-25 16:26:25: Copy New '/Users/markloessi/Machine_Learning/Machine Learning A-Z New/Part 3 - Classification/Section 18 - Naive Bayes/rsconnect/documents/naive_bayes_MSL.Rmd/rpubs.com/rpubs/Document.dcf' -> '/Volumes/128 GB SD/StudyStorage-SD/Machine_Learning/Machine Learning A-Z New/Part 3 - Classification/Section 18 - Naive Bayes/rsconnect/documents/naive_bayes_MSL.Rmd/rpubs.com/rpubs/Document.dcf' (356)
2019-05-25 16:26:25: Copy New '/Users/markloessi/Machine_Learning/Machine Learning A-Z New/Part 3 - Classification/Section 18 - Naive Bayes/rsconnect/documents/naive_bayes_MSL.Rmd/rpubs.com/rpubs/Publish Document.dcf' -> '/Volumes/128 GB SD/StudyStorage-SD/Machine_Learning/Machine Learning A-Z New/Part 3 - Classification/Section 18 - Naive Bayes/rsconnect/documents/naive_bayes_MSL.Rmd/rpubs.com/rpubs/Publish Document.dcf' (328)
2019-05-25 16:26:25: Copy New '/Users/markloessi/Machine_Learning/Machine Learning A-Z New/Part 3 - Classification/Section 19 - Decision Tree Classification/decision_tree_classification_MSL.html' -> '/Volumes/128 GB SD/StudyStorage-SD/Machine_Learning/Machine Learning A-Z New/Part 3 - Classification/Section 19 - Decision Tree Classification/decision_tree_classification_MSL.html' (1579113)
2019-05-25 16:26:25: Copy New '/Users/markloessi/Machine_Learning/Machine Learning A-Z New/Part 3 - Classification/Section 19 - Decision Tree Classification/decision_tree_classification_MSL.py' -> '/Volumes/128 GB SD/StudyStorage-SD/Machine_Learning/Machine Learning A-Z New/Part 3 - Classification/Section 19 - Decision Tree Classification/decision_tree_classification_MSL.py' (6484)
2019-05-25 16:26:25: Copy New '/Users/markloessi/Machine_Learning/Machine Learning A-Z New/Part 3 - Classification/Section 19 - Decision Tree Classification/decision_tree_classification_MSL.Rmd' -> '/Volumes/128 GB SD/StudyStorage-SD/Machine_Learning/Machine Learning A-Z New/Part 3 - Classification/Section 19 - Decision Tree Classification/decision_tree_classification_MSL.Rmd' (8026)
2019-05-25 16:26:25: Copy New '/Users/markloessi/Machine_Learning/Machine Learning A-Z New/Part 3 - Classification/Section 19 - Decision Tree Classification/DecisionTree_Visualization.py' -> '/Volumes/128 GB SD/StudyStorage-SD/Machine_Learning/Machine Learning A-Z New/Part 3 - Classification/Section 19 - Decision Tree Classification/DecisionTree_Visualization.py' (1109)
2019-05-25 16:26:25: Copy New '/Users/markloessi/Machine_Learning/Machine Learning A-Z New/Part 3 - Classification/Section 19 - Decision Tree Classification/Random_forest_classification_Test.png' -> '/Volumes/128 GB SD/StudyStorage-SD/Machine_Learning/Machine Learning A-Z New/Part 3 - Classification/Section 19 - Decision Tree Classification/Random_forest_classification_Test.png' (25882)
2019-05-25 16:26:25: Copy New '/Users/markloessi/Machine_Learning/Machine Learning A-Z New/Part 3 - Classification/Section 19 - Decision Tree Classification/Random_forest_classification_Train.png' -> '/Volumes/128 GB SD/StudyStorage-SD/Machine_Learning/Machine Learning A-Z New/Part 3 - Classification/Section 19 - Decision Tree Classification/Random_forest_classification_Train.png' (33667)
2019-05-25 16:26:25: Copy New '/Users/markloessi/Machine_Learning/Machine Learning A-Z New/Part 3 - Classification/Section 19 - Decision Tree Classification/rsconnect/documents/decision_tree_classification_MSL.Rmd/rpubs.com/rpubs/Document.dcf' -> '/Volumes/128 GB SD/StudyStorage-SD/Machine_Learning/Machine Learning A-Z New/Part 3 - Classification/Section 19 - Decision Tree Classification/rsconnect/documents/decision_tree_classification_MSL.Rmd/rpubs.com/rpubs/Document.dcf' (356)
2019-05-25 16:26:25: Copy New '/Users/markloessi/Machine_Learning/Machine Learning A-Z New/Part 3 - Classification/Section 19 - Decision Tree Classification/rsconnect/documents/decision_tree_classification_MSL.Rmd/rpubs.com/rpubs/Publish Document.dcf' -> '/Volumes/128 GB SD/StudyStorage-SD/Machine_Learning/Machine Learning A-Z New/Part 3 - Classification/Section 19 - Decision Tree Classification/rsconnect/documents/decision_tree_classification_MSL.Rmd/rpubs.com/rpubs/Publish Document.dcf' (328)
2019-05-25 16:26:25: Copy New '/Users/markloessi/Machine_Learning/Machine Learning A-Z New/Part 3 - Classification/Section 20 - Random Forest Classification/Decision_Tree_Classification_Test.png' -> '/Volumes/128 GB SD/StudyStorage-SD/Machine_Learning/Machine Learning A-Z New/Part 3 - Classification/Section 20 - Random Forest Classification/Decision_Tree_Classification_Test.png' (25253)
2019-05-25 16:26:25: Copy New '/Users/markloessi/Machine_Learning/Machine Learning A-Z New/Part 3 - Classification/Section 20 - Random Forest Classification/Decision_Tree_Classification_Training.png' -> '/Volumes/128 GB SD/StudyStorage-SD/Machine_Learning/Machine Learning A-Z New/Part 3 - Classification/Section 20 - Random Forest Classification/Decision_Tree_Classification_Training.png' (33370)
2019-05-25 16:26:25: Copy Over '/Users/markloessi/Machine_Learning/Machine Learning A-Z New/Part 3 - Classification/Section 20 - Random Forest Classification/random_forest_classification.py' -> '/Volumes/128 GB SD/StudyStorage-SD/Machine_Learning/Machine Learning A-Z New/Part 3 - Classification/Section 20 - Random Forest Classification/random_forest_classification.py' (2748)
2019-05-25 16:26:25: Copy New '/Users/markloessi/Machine_Learning/Machine Learning A-Z New/Part 3 - Classification/Section 20 - Random Forest Classification/random_forest_classification_MSL.html' -> '/Volumes/128 GB SD/StudyStorage-SD/Machine_Learning/Machine Learning A-Z New/Part 3 - Classification/Section 20 - Random Forest Classification/random_forest_classification_MSL.html' (1706540)
2019-05-25 16:26:25: Copy New '/Users/markloessi/Machine_Learning/Machine Learning A-Z New/Part 3 - Classification/Section 20 - Random Forest Classification/random_forest_classification_MSL.py' -> '/Volumes/128 GB SD/StudyStorage-SD/Machine_Learning/Machine Learning A-Z New/Part 3 - Classification/Section 20 - Random Forest Classification/random_forest_classification_MSL.py' (7618)
2019-05-25 16:26:25: Copy New '/Users/markloessi/Machine_Learning/Machine Learning A-Z New/Part 3 - Classification/Section 20 - Random Forest Classification/random_forest_classification_MSL.Rmd' -> '/Volumes/128 GB SD/StudyStorage-SD/Machine_Learning/Machine Learning A-Z New/Part 3 - Classification/Section 20 - Random Forest Classification/random_forest_classification_MSL.Rmd' (7227)
2019-05-25 16:26:25: Copy New '/Users/markloessi/Machine_Learning/Machine Learning A-Z New/Part 3 - Classification/Section 20 - Random Forest Classification/rsconnect/documents/random_forest_classification_MSL.Rmd/rpubs.com/rpubs/Document.dcf' -> '/Volumes/128 GB SD/StudyStorage-SD/Machine_Learning/Machine Learning A-Z New/Part 3 - Classification/Section 20 - Random Forest Classification/rsconnect/documents/random_forest_classification_MSL.Rmd/rpubs.com/rpubs/Document.dcf' (356)
2019-05-25 16:26:25: Copy New '/Users/markloessi/Machine_Learning/Machine Learning A-Z New/Part 3 - Classification/Section 20 - Random Forest Classification/rsconnect/documents/random_forest_classification_MSL.Rmd/rpubs.com/rpubs/Publish Document.dcf' -> '/Volumes/128 GB SD/StudyStorage-SD/Machine_Learning/Machine Learning A-Z New/Part 3 - Classification/Section 20 - Random Forest Classification/rsconnect/documents/random_forest_classification_MSL.Rmd/rpubs.com/rpubs/Publish Document.dcf' (328)
2019-05-25 16:26:25: Copy New '/Users/markloessi/Machine_Learning/Machine Learning A-Z New/Part 4 - Clustering/40 Questions on Clustering Techniques (Skilltest Solution).webloc' -> '/Volumes/128 GB SD/StudyStorage-SD/Machine_Learning/Machine Learning A-Z New/Part 4 - Clustering/40 Questions on Clustering Techniques (Skilltest Solution).webloc' (299)
2019-05-25 16:26:25: Copy New '/Users/markloessi/Machine_Learning/Machine Learning A-Z New/Part 4 - Clustering/An Introduction to Clustering & different methods of clustering.webloc' -> '/Volumes/128 GB SD/StudyStorage-SD/Machine_Learning/Machine Learning A-Z New/Part 4 - Clustering/An Introduction to Clustering & different methods of clustering.webloc' (334)
2019-05-25 16:26:25: Copy New '/Users/markloessi/Machine_Learning/Machine Learning A-Z New/Part 4 - Clustering/Clustering-Pros-Cons.pdf' -> '/Volumes/128 GB SD/StudyStorage-SD/Machine_Learning/Machine Learning A-Z New/Part 4 - Clustering/Clustering-Pros-Cons.pdf' (26379)
2019-05-25 16:26:25: Copy New '/Users/markloessi/Machine_Learning/Machine Learning A-Z New/Part 4 - Clustering/MallCustomer_Task.png' -> '/Volumes/128 GB SD/StudyStorage-SD/Machine_Learning/Machine Learning A-Z New/Part 4 - Clustering/MallCustomer_Task.png' (89686)
2019-05-25 16:26:25: Copy New '/Users/markloessi/Machine_Learning/Machine Learning A-Z New/Part 4 - Clustering/Perform Clustering Analysis part 1.webloc' -> '/Volumes/128 GB SD/StudyStorage-SD/Machine_Learning/Machine Learning A-Z New/Part 4 - Clustering/Perform Clustering Analysis part 1.webloc' (293)
2019-05-25 16:26:25: Copy New '/Users/markloessi/Machine_Learning/Machine Learning A-Z New/Part 4 - Clustering/Perform Clustering Analysis part 2.webloc' -> '/Volumes/128 GB SD/StudyStorage-SD/Machine_Learning/Machine Learning A-Z New/Part 4 - Clustering/Perform Clustering Analysis part 2.webloc' (301)
2019-05-25 16:26:25: Copy New '/Users/markloessi/Machine_Learning/Machine Learning A-Z New/Part 4 - Clustering/Section 24 - K-Means Clustering/Kmeans_clusters_basicgroups.png' -> '/Volumes/128 GB SD/StudyStorage-SD/Machine_Learning/Machine Learning A-Z New/Part 4 - Clustering/Section 24 - K-Means Clustering/Kmeans_clusters_basicgroups.png' (58100)
2019-05-25 16:26:25: Copy New '/Users/markloessi/Machine_Learning/Machine Learning A-Z New/Part 4 - Clustering/Section 24 - K-Means Clustering/KMeans_clustersRenamed.png' -> '/Volumes/128 GB SD/StudyStorage-SD/Machine_Learning/Machine Learning A-Z New/Part 4 - Clustering/Section 24 - K-Means Clustering/KMeans_clustersRenamed.png' (53015)
2019-05-25 16:26:25: Copy New '/Users/markloessi/Machine_Learning/Machine Learning A-Z New/Part 4 - Clustering/Section 24 - K-Means Clustering/KMeans_ElbowChart_clusters.png' -> '/Volumes/128 GB SD/StudyStorage-SD/Machine_Learning/Machine Learning A-Z New/Part 4 - Clustering/Section 24 - K-Means Clustering/KMeans_ElbowChart_clusters.png' (25126)
2019-05-25 16:26:25: Copy New '/Users/markloessi/Machine_Learning/Machine Learning A-Z New/Part 4 - Clustering/Section 24 - K-Means Clustering/kmeans_MSL.html' -> '/Volumes/128 GB SD/StudyStorage-SD/Machine_Learning/Machine Learning A-Z New/Part 4 - Clustering/Section 24 - K-Means Clustering/kmeans_MSL.html' (1871691)
2019-05-25 16:26:25: Copy New '/Users/markloessi/Machine_Learning/Machine Learning A-Z New/Part 4 - Clustering/Section 24 - K-Means Clustering/kmeans_MSL.py' -> '/Volumes/128 GB SD/StudyStorage-SD/Machine_Learning/Machine Learning A-Z New/Part 4 - Clustering/Section 24 - K-Means Clustering/kmeans_MSL.py' (6565)
2019-05-25 16:26:25: Copy New '/Users/markloessi/Machine_Learning/Machine Learning A-Z New/Part 4 - Clustering/Section 24 - K-Means Clustering/kmeans_MSL.Rmd' -> '/Volumes/128 GB SD/StudyStorage-SD/Machine_Learning/Machine Learning A-Z New/Part 4 - Clustering/Section 24 - K-Means Clustering/kmeans_MSL.Rmd' (3597)
2019-05-25 16:26:25: Copy New '/Users/markloessi/Machine_Learning/Machine Learning A-Z New/Part 4 - Clustering/Section 24 - K-Means Clustering/R_KMeans_ElbowMethod.png' -> '/Volumes/128 GB SD/StudyStorage-SD/Machine_Learning/Machine Learning A-Z New/Part 4 - Clustering/Section 24 - K-Means Clustering/R_KMeans_ElbowMethod.png' (36507)
2019-05-25 16:26:25: Copy New '/Users/markloessi/Machine_Learning/Machine Learning A-Z New/Part 4 - Clustering/Section 24 - K-Means Clustering/rsconnect/documents/kmeans_MSL.Rmd/rpubs.com/rpubs/Document.dcf' -> '/Volumes/128 GB SD/StudyStorage-SD/Machine_Learning/Machine Learning A-Z New/Part 4 - Clustering/Section 24 - K-Means Clustering/rsconnect/documents/kmeans_MSL.Rmd/rpubs.com/rpubs/Document.dcf' (356)
2019-05-25 16:26:25: Copy New '/Users/markloessi/Machine_Learning/Machine Learning A-Z New/Part 4 - Clustering/Section 24 - K-Means Clustering/rsconnect/documents/kmeans_MSL.Rmd/rpubs.com/rpubs/Publish Document.dcf' -> '/Volumes/128 GB SD/StudyStorage-SD/Machine_Learning/Machine Learning A-Z New/Part 4 - Clustering/Section 24 - K-Means Clustering/rsconnect/documents/kmeans_MSL.Rmd/rpubs.com/rpubs/Publish Document.dcf' (328)
2019-05-25 16:26:25: Copy New '/Users/markloessi/Machine_Learning/Machine Learning A-Z New/Part 4 - Clustering/Section 25 - Hierarchical Clustering/Clustering_ProsCons.png' -> '/Volumes/128 GB SD/StudyStorage-SD/Machine_Learning/Machine Learning A-Z New/Part 4 - Clustering/Section 25 - Hierarchical Clustering/Clustering_ProsCons.png' (109581)
2019-05-25 16:26:25: Copy New '/Users/markloessi/Machine_Learning/Machine Learning A-Z New/Part 4 - Clustering/Section 25 - Hierarchical Clustering/Clusters_NiceNaming.png' -> '/Volumes/128 GB SD/StudyStorage-SD/Machine_Learning/Machine Learning A-Z New/Part 4 - Clustering/Section 25 - Hierarchical Clustering/Clusters_NiceNaming.png' (43870)
2019-05-25 16:26:25: Copy New '/Users/markloessi/Machine_Learning/Machine Learning A-Z New/Part 4 - Clustering/Section 25 - Hierarchical Clustering/ClustersOfCustomers.png' -> '/Volumes/128 GB SD/StudyStorage-SD/Machine_Learning/Machine Learning A-Z New/Part 4 - Clustering/Section 25 - Hierarchical Clustering/ClustersOfCustomers.png' (54866)
2019-05-25 16:26:25: Copy New '/Users/markloessi/Machine_Learning/Machine Learning A-Z New/Part 4 - Clustering/Section 25 - Hierarchical Clustering/Dendogram_CustomersMall.png' -> '/Volumes/128 GB SD/StudyStorage-SD/Machine_Learning/Machine Learning A-Z New/Part 4 - Clustering/Section 25 - Hierarchical Clustering/Dendogram_CustomersMall.png' (37120)
2019-05-25 16:26:25: Copy New '/Users/markloessi/Machine_Learning/Machine Learning A-Z New/Part 4 - Clustering/Section 25 - Hierarchical Clustering/Dendogram_OptimalClusters.png' -> '/Volumes/128 GB SD/StudyStorage-SD/Machine_Learning/Machine Learning A-Z New/Part 4 - Clustering/Section 25 - Hierarchical Clustering/Dendogram_OptimalClusters.png' (69483)
2019-05-25 16:26:25: Copy New '/Users/markloessi/Machine_Learning/Machine Learning A-Z New/Part 4 - Clustering/Section 25 - Hierarchical Clustering/Dendogram_Threshold.png' -> '/Volumes/128 GB SD/StudyStorage-SD/Machine_Learning/Machine Learning A-Z New/Part 4 - Clustering/Section 25 - Hierarchical Clustering/Dendogram_Threshold.png' (312819)
2019-05-25 16:26:25: Copy New '/Users/markloessi/Machine_Learning/Machine Learning A-Z New/Part 4 - Clustering/Section 25 - Hierarchical Clustering/Euclidean_Distances.png' -> '/Volumes/128 GB SD/StudyStorage-SD/Machine_Learning/Machine Learning A-Z New/Part 4 - Clustering/Section 25 - Hierarchical Clustering/Euclidean_Distances.png' (238884)
2019-05-25 16:26:25: Copy New '/Users/markloessi/Machine_Learning/Machine Learning A-Z New/Part 4 - Clustering/Section 25 - Hierarchical Clustering/Euclidean_Distances_Options.png' -> '/Volumes/128 GB SD/StudyStorage-SD/Machine_Learning/Machine Learning A-Z New/Part 4 - Clustering/Section 25 - Hierarchical Clustering/Euclidean_Distances_Options.png' (303719)
2019-05-25 16:26:25: Copy New '/Users/markloessi/Machine_Learning/Machine Learning A-Z New/Part 4 - Clustering/Section 25 - Hierarchical Clustering/hc_MSL.py' -> '/Volumes/128 GB SD/StudyStorage-SD/Machine_Learning/Machine Learning A-Z New/Part 4 - Clustering/Section 25 - Hierarchical Clustering/hc_MSL.py' (7017)
2019-05-25 16:26:25: Copy New '/Users/markloessi/Machine_Learning/Machine Learning A-Z New/Part 4 - Clustering/Section 25 - Hierarchical Clustering/hc_steps.png' -> '/Volumes/128 GB SD/StudyStorage-SD/Machine_Learning/Machine Learning A-Z New/Part 4 - Clustering/Section 25 - Hierarchical Clustering/hc_steps.png' (370372)
2019-05-25 16:26:26: Copy New '/Users/markloessi/Machine_Learning/Machine Learning A-Z New/Part 4 - Clustering/Section 25 - Hierarchical Clustering/hierachical_clustering_MSL.html' -> '/Volumes/128 GB SD/StudyStorage-SD/Machine_Learning/Machine Learning A-Z New/Part 4 - Clustering/Section 25 - Hierarchical Clustering/hierachical_clustering_MSL.html' (4548327)
2019-05-25 16:26:26: Copy New '/Users/markloessi/Machine_Learning/Machine Learning A-Z New/Part 4 - Clustering/Section 25 - Hierarchical Clustering/hierachical_clustering_MSL.Rmd' -> '/Volumes/128 GB SD/StudyStorage-SD/Machine_Learning/Machine Learning A-Z New/Part 4 - Clustering/Section 25 - Hierarchical Clustering/hierachical_clustering_MSL.Rmd' (4791)
2019-05-25 16:26:26: Copy New '/Users/markloessi/Machine_Learning/Machine Learning A-Z New/Part 4 - Clustering/Section 25 - Hierarchical Clustering/How_Dendogram_forms.png' -> '/Volumes/128 GB SD/StudyStorage-SD/Machine_Learning/Machine Learning A-Z New/Part 4 - Clustering/Section 25 - Hierarchical Clustering/How_Dendogram_forms.png' (271094)
2019-05-25 16:26:26: Copy New '/Users/markloessi/Machine_Learning/Machine Learning A-Z New/Part 4 - Clustering/Section 25 - Hierarchical Clustering/R_HCluster_Dendogram.png' -> '/Volumes/128 GB SD/StudyStorage-SD/Machine_Learning/Machine Learning A-Z New/Part 4 - Clustering/Section 25 - Hierarchical Clustering/R_HCluster_Dendogram.png' (102536)
2019-05-25 16:26:26: Copy New '/Users/markloessi/Machine_Learning/Machine Learning A-Z New/Part 4 - Clustering/Section 25 - Hierarchical Clustering/rsconnect/documents/hierachical_clustering_MSL.Rmd/rpubs.com/rpubs/Document.dcf' -> '/Volumes/128 GB SD/StudyStorage-SD/Machine_Learning/Machine Learning A-Z New/Part 4 - Clustering/Section 25 - Hierarchical Clustering/rsconnect/documents/hierachical_clustering_MSL.Rmd/rpubs.com/rpubs/Document.dcf' (356)
2019-05-25 16:26:26: Copy New '/Users/markloessi/Machine_Learning/Machine Learning A-Z New/Part 4 - Clustering/Section 25 - Hierarchical Clustering/rsconnect/documents/hierachical_clustering_MSL.Rmd/rpubs.com/rpubs/Publish Document.dcf' -> '/Volumes/128 GB SD/StudyStorage-SD/Machine_Learning/Machine Learning A-Z New/Part 4 - Clustering/Section 25 - Hierarchical Clustering/rsconnect/documents/hierachical_clustering_MSL.Rmd/rpubs.com/rpubs/Publish Document.dcf' (328)
2019-05-25 16:26:26: Copy New '/Users/markloessi/Machine_Learning/Machine Learning A-Z New/Part 4 - Clustering/Section 25 - Hierarchical Clustering/Threshold_intoClusterCount.png' -> '/Volumes/128 GB SD/StudyStorage-SD/Machine_Learning/Machine Learning A-Z New/Part 4 - Clustering/Section 25 - Hierarchical Clustering/Threshold_intoClusterCount.png' (343619)
2019-05-25 16:26:26: Copy New '/Users/markloessi/Machine_Learning/Python Cheatsheet.py' -> '/Volumes/128 GB SD/StudyStorage-SD/Machine_Learning/Python Cheatsheet.py' (414)
2019-05-25 16:26:26: Copy New '/Users/markloessi/Machine_Learning/RMD_Cheat_Sheet.html' -> '/Volumes/128 GB SD/StudyStorage-SD/Machine_Learning/RMD_Cheat_Sheet.html' (971658)
2019-05-25 16:26:26: Copy New '/Users/markloessi/Machine_Learning/RMD_Cheat_Sheet.Rmd' -> '/Volumes/128 GB SD/StudyStorage-SD/Machine_Learning/RMD_Cheat_Sheet.Rmd' (698)
2019-05-25 16:26:26: Copy New '/Users/markloessi/Machine_Learning/rsconnect/documents/RMD_Cheat_Sheet.Rmd/rpubs.com/rpubs/Document.dcf' -> '/Volumes/128 GB SD/StudyStorage-SD/Machine_Learning/rsconnect/documents/RMD_Cheat_Sheet.Rmd/rpubs.com/rpubs/Document.dcf' (356)
2019-05-25 16:26:26: Copy New '/Users/markloessi/Machine_Learning/TheElbowMethodClusteringNums.png' -> '/Volumes/128 GB SD/StudyStorage-SD/Machine_Learning/TheElbowMethodClusteringNums.png' (134356)
2019-05-25 16:26:26: == Sync Complete. Time: 00:00:04, Speed: 5.2 MB/s, OK: 148, Errors: 0
2019-05-25 16:26:26: 
